[23:42:24] [main/INFO]: Logging in with username & password
[23:42:29] [main/INFO]: Setting user: Sarinsa
[23:42:32] [Client thread/INFO]: LWJGL Version: 2.9.1
[23:42:41] [Client thread/INFO]: Reloading ResourceManager: Default, FMLFileResourcePack:Forge Mod Loader, FMLFileResourcePack:Minecraft Forge, FMLFileResourcePack:Not Enough Items, FMLFileResourcePack:Truffle Mod, FMLFileResourcePack:CoFH Core, FMLFileResourcePack:Pam's HarvestCraft, FMLFileResourcePack:Thermal Expansion, FMLFileResourcePack:Thermal Foundation
[23:42:44] [Sound Library Loader/INFO]: Sound engine started
[23:42:45] [Client thread/INFO]: Created: 16x16 textures/blocks-atlas
[23:42:45] [Client thread/INFO]: Created: 16x16 textures/items-atlas
[23:42:46] [Client thread/INFO]: Reloading ResourceManager: Default, FMLFileResourcePack:Forge Mod Loader, FMLFileResourcePack:Minecraft Forge, FMLFileResourcePack:Not Enough Items, FMLFileResourcePack:Truffle Mod, FMLFileResourcePack:CoFH Core, FMLFileResourcePack:Pam's HarvestCraft, FMLFileResourcePack:Thermal Expansion, FMLFileResourcePack:Thermal Foundation
[23:42:47] [Client thread/INFO]: Created: 1024x1024 textures/blocks-atlas
[23:42:48] [Client thread/INFO]: Created: 1024x512 textures/items-atlas
[23:42:49] [Sound Library Loader/INFO]: Sound engine started
[23:42:53] [Server thread/INFO]: Starting integrated minecraft server version 1.7.10
[23:42:53] [Server thread/INFO]: Generating keypair
[23:42:54] [Server thread/INFO]: Preparing start region for level 0
[23:42:54] [Server thread/INFO]: Changing view distance to 12, from 10
[23:42:55] [Server thread/INFO]: Sarinsa[local:E:8542d12f] logged in with entity id 138 at (644.8142565970252, 64.0, -376.3217192565855)
[23:42:55] [Server thread/INFO]: Sarinsa joined the game
[23:42:58] [Client thread/INFO]: [CHAT] Version 1.0.5.120 of NotEnoughItems is available
[23:42:59] [Server thread/INFO]: Stopping server
[23:42:59] [Server thread/INFO]: Saving players
[23:42:59] [Server thread/INFO]: Saving worlds
[23:42:59] [Server thread/INFO]: Saving chunks for level 'New World'/Overworld
[23:42:59] [Server thread/INFO]: Saving chunks for level 'New World'/Nether
[23:42:59] [Server thread/INFO]: Saving chunks for level 'New World'/The End
[23:43:00] [Client thread/FATAL]: Reported exception thrown!
net.minecraft.util.ReportedException: Rendering Block Entity
	at net.minecraft.client.renderer.tileentity.TileEntityRendererDispatcher.renderTileEntityAt(TileEntityRendererDispatcher.java:148) ~[TileEntityRendererDispatcher.class:?]
	at net.minecraft.client.renderer.tileentity.TileEntityRendererDispatcher.renderTileEntity(TileEntityRendererDispatcher.java:126) ~[TileEntityRendererDispatcher.class:?]
	at net.minecraft.client.renderer.RenderGlobal.renderEntities(RenderGlobal.java:539) ~[RenderGlobal.class:?]
	at net.minecraft.client.renderer.EntityRenderer.renderWorld(EntityRenderer.java:1300) ~[EntityRenderer.class:?]
	at net.minecraft.client.renderer.EntityRenderer.updateCameraAndRender(EntityRenderer.java:1087) ~[EntityRenderer.class:?]
	at net.minecraft.client.Minecraft.runGameLoop(Minecraft.java:1067) ~[Minecraft.class:?]
	at net.minecraft.client.Minecraft.run(Minecraft.java:962) [Minecraft.class:?]
	at net.minecraft.client.main.Main.main(Main.java:164) [Main.class:?]
	at sun.reflect.NativeMethodAccessorImpl.invoke0(Native Method) ~[?:1.8.0_65]
	at sun.reflect.NativeMethodAccessorImpl.invoke(NativeMethodAccessorImpl.java:62) ~[?:1.8.0_65]
	at sun.reflect.DelegatingMethodAccessorImpl.invoke(DelegatingMethodAccessorImpl.java:43) ~[?:1.8.0_65]
	at java.lang.reflect.Method.invoke(Method.java:497) ~[?:1.8.0_65]
	at net.minecraft.launchwrapper.Launch.launch(Launch.java:135) [launchwrapper-1.12.jar:?]
	at net.minecraft.launchwrapper.Launch.main(Launch.java:28) [launchwrapper-1.12.jar:?]
	at net.minecraftforge.gradle.GradleStartCommon.launch(Unknown Source) [start/:?]
	at GradleStart.main(Unknown Source) [start/:?]
Caused by: java.lang.NullPointerException
	at net.minecraft.block.Block.getMixedBrightnessForBlock(Block.java:608) ~[Block.class:?]
	at net.minecraft.client.renderer.RenderBlocks.renderBlockFire(RenderBlocks.java:2192) ~[RenderBlocks.class:?]
	at com.trufflemod.renderer.BlockCampFireRenderer.renderTileEntityAt(BlockCampFireRenderer.java:56) ~[BlockCampFireRenderer.class:?]
	at net.minecraft.client.renderer.tileentity.TileEntityRendererDispatcher.renderTileEntityAt(TileEntityRendererDispatcher.java:141) ~[TileEntityRendererDispatcher.class:?]
	... 15 more
