#
# A fatal error has been detected by the Java Runtime Environment:
#
#  EXCEPTION_ACCESS_VIOLATION (0xc0000005) at pc=0x0000000064251946, pid=6220, tid=784
#
# JRE version: Java(TM) SE Runtime Environment (8.0_65-b17) (build 1.8.0_65-b17)
# Java VM: Java HotSpot(TM) 64-Bit Server VM (25.65-b01 mixed mode windows-amd64 compressed oops)
# Problematic frame:
# C  [nvoglv64.DLL+0xbd1946]
#
# Failed to write core dump. Minidumps are not enabled by default on client versions of Windows
#
# If you would like to submit a bug report, please visit:
#   http://bugreport.java.com/bugreport/crash.jsp
# The crash happened outside the Java Virtual Machine in native code.
# See problematic frame for where to report the bug.
#

---------------  T H R E A D  ---------------

Current thread (0x0000000002b5e000):  JavaThread "Client thread" [_thread_in_native, id=784, stack(0x0000000002b90000,0x0000000002c90000)]

siginfo: ExceptionCode=0xc0000005, reading address 0x000000001c2b0010

Registers:
RAX=0x0000000000000000, RBX=0x0000000000d8b940, RCX=0x000000001c2b0000, RDX=0x0000000000000000
RSP=0x0000000002c8d450, RBP=0x0000000023c74d40, RSI=0x0000000000000000, RDI=0x0000000000d8b950
R8 =0x0000000002c8d238, R9 =0x0000000002c8d2a0, R10=0x0000000000000000, R11=0x0000000002c8d3a0
R12=0x0000000000000000, R13=0x0000000000000003, R14=0x0000000000d8b940, R15=0x0000000000000000
RIP=0x0000000064251946, EFLAGS=0x0000000000010246

Top of Stack: (sp=0x0000000002c8d450)
0x0000000002c8d450:   0000000000000001 000000006429adbb
0x0000000002c8d460:   0000000021ebd340 0000000000000000
0x0000000002c8d470:   0000000023b00bf0 0000000064252b15
0x0000000002c8d480:   0000000023c74d90 0000000023c74d00
0x0000000002c8d490:   0000000000000000 0000000000000001
0x0000000002c8d4a0:   0000000000000000 0000000023b00bf0
0x0000000002c8d4b0:   0000000023c74d40 000000006422caa8
0x0000000002c8d4c0:   0000000000000000 0000000023c74d40
0x0000000002c8d4d0:   00000000237a2e40 0000000023c74d40
0x0000000002c8d4e0:   0000000000000000 0000000000000000
0x0000000002c8d4f0:   0000000000000000 0000000000000001
0x0000000002c8d500:   0000000000000000 000000006422cc5d
0x0000000002c8d510:   0000000023c74d40 0000000000000001
0x0000000002c8d520:   0000000000000000 0000000000000000
0x0000000002c8d530:   ffffffffe8010e89 0000000000000000
0x0000000002c8d540:   0000000023c74d40 000000006428b6bb 

Instructions: (pc=0x0000000064251946)
0x0000000064251926:   8b f2 48 8b cf ff 15 5f 9d ab 00 80 7b 3a 00 74
0x0000000064251936:   1b 48 8b 4b 48 48 85 c9 74 12 8d 04 b6 c1 e0 0c
0x0000000064251946:   8b 4c 08 10 85 c9 74 04 b3 01 eb 02 32 db 48 8b
0x0000000064251956:   cf ff 15 2b 9d ab 00 48 8b 74 24 38 0f b6 c3 48 


Register to memory mapping:

RAX=0x0000000000000000 is an unknown value
RBX=0x0000000000d8b940 is an unknown value
RCX=0x000000001c2b0000 is an unknown value
RDX=0x0000000000000000 is an unknown value
RSP=0x0000000002c8d450 is pointing into the stack for thread: 0x0000000002b5e000
RBP=0x0000000023c74d40 is an unknown value
RSI=0x0000000000000000 is an unknown value
RDI=0x0000000000d8b950 is an unknown value
R8 =0x0000000002c8d238 is pointing into the stack for thread: 0x0000000002b5e000
R9 =0x0000000002c8d2a0 is pointing into the stack for thread: 0x0000000002b5e000
R10=0x0000000000000000 is an unknown value
R11=0x0000000002c8d3a0 is pointing into the stack for thread: 0x0000000002b5e000
R12=0x0000000000000000 is an unknown value
R13=0x0000000000000003 is an unknown value
R14=0x0000000000d8b940 is an unknown value
R15=0x0000000000000000 is an unknown value


Stack: [0x0000000002b90000,0x0000000002c90000],  sp=0x0000000002c8d450,  free space=1013k
Native frames: (J=compiled Java code, j=interpreted, Vv=VM code, C=native code)
C  [nvoglv64.DLL+0xbd1946]
C  [nvoglv64.DLL+0xbd2b15]
C  [nvoglv64.DLL+0xbacaa8]
C  [nvoglv64.DLL+0xbacc5d]
C  [nvoglv64.DLL+0xbaca37]
C  [nvoglv64.DLL+0xbac4f8]
C  [nvoglv64.DLL+0xb9678f]
C  [OPENGL32.dll+0x3bde7]
C  [gdi32full.dll+0x7485e]
C  0x0000000003a15d14

Java frames: (J=compiled Java code, j=interpreted, Vv=VM code)
J 4518  org.lwjgl.opengl.WindowsContextImplementation.nSwapBuffers(Ljava/nio/ByteBuffer;)V (0 bytes) @ 0x0000000003a15c92 [0x0000000003a15c40+0x52]
J 12021 C2 org.lwjgl.opengl.Display.update(Z)V (154 bytes) @ 0x00000000048acc30 [0x00000000048ac9e0+0x250]
J 12865 C2 net.minecraft.client.Minecraft.func_147120_f()V (93 bytes) @ 0x0000000004ae361c [0x0000000004ae35e0+0x3c]
J 12868 C2 net.minecraft.client.Minecraft.runGameLoop()V (773 bytes) @ 0x000000000596ddac [0x000000000596bb60+0x224c]
j  net.minecraft.client.Minecraft.run()V+61
j  net.minecraft.client.main.Main.main([Ljava/lang/String;)V+998
v  ~StubRoutines::call_stub
j  sun.reflect.NativeMethodAccessorImpl.invoke0(Ljava/lang/reflect/Method;Ljava/lang/Object;[Ljava/lang/Object;)Ljava/lang/Object;+0
j  sun.reflect.NativeMethodAccessorImpl.invoke(Ljava/lang/Object;[Ljava/lang/Object;)Ljava/lang/Object;+100
J 1571 C1 sun.reflect.DelegatingMethodAccessorImpl.invoke(Ljava/lang/Object;[Ljava/lang/Object;)Ljava/lang/Object; (10 bytes) @ 0x00000000033fbaa4 [0x00000000033fb980+0x124]
J 1570 C1 java.lang.reflect.Method.invoke(Ljava/lang/Object;[Ljava/lang/Object;)Ljava/lang/Object; (62 bytes) @ 0x00000000033fb494 [0x00000000033fb080+0x414]
j  net.minecraft.launchwrapper.Launch.launch([Ljava/lang/String;)V+661
j  net.minecraft.launchwrapper.Launch.main([Ljava/lang/String;)V+8
j  net.minecraftforge.gradle.GradleStartCommon.launch([Ljava/lang/String;)V+181
j  GradleStart.main([Ljava/lang/String;)V+11
v  ~StubRoutines::call_stub

---------------  P R O C E S S  ---------------

Java Threads: ( => current thread )
  0x0000000019eb8000 JavaThread "AWT-EventQueue-0" [_thread_blocked, id=12304, stack(0x0000000061810000,0x0000000061910000)]
  0x0000000019eb7800 JavaThread "AWT-Shutdown" [_thread_blocked, id=8128, stack(0x0000000061710000,0x0000000061810000)]
  0x0000000019eb9800 JavaThread "File IO Thread" [_thread_blocked, id=3192, stack(0x000000004d8b0000,0x000000004d9b0000)]
  0x0000000019eb0000 JavaThread "Chunk I/O Executor Thread-1" daemon [_thread_blocked, id=11532, stack(0x0000000048b10000,0x0000000048c10000)]
  0x0000000019eb3000 JavaThread "Netty IO #1" daemon [_thread_in_native, id=12432, stack(0x0000000048a10000,0x0000000048b10000)]
  0x0000000019eb2000 JavaThread "Netty Client IO #0" daemon [_thread_in_native, id=8960, stack(0x0000000048910000,0x0000000048a10000)]
  0x0000000019eae800 JavaThread "Netty IO #0" daemon [_thread_in_native, id=9948, stack(0x0000000048810000,0x0000000048910000)]
  0x0000000019eb1800 JavaThread "Server thread" [_thread_blocked, id=10540, stack(0x0000000048710000,0x0000000048810000)]
  0x0000000027db5000 JavaThread "Snooper Timer" daemon [_thread_blocked, id=3764, stack(0x0000000048610000,0x0000000048710000)]
  0x0000000027db2000 JavaThread "Thread-13" [_thread_blocked, id=11100, stack(0x0000000048110000,0x0000000048210000)]
  0x0000000027db1800 JavaThread "Thread-12" [_thread_blocked, id=11376, stack(0x0000000048010000,0x0000000048110000)]
  0x0000000027db4800 JavaThread "LWJGL Timer" daemon [_thread_blocked, id=12296, stack(0x0000000035860000,0x0000000035960000)]
  0x0000000027dae800 JavaThread "Timer hack thread" daemon [_thread_blocked, id=8000, stack(0x0000000022660000,0x0000000022760000)]
  0x0000000027db0000 JavaThread "Snooper Timer" daemon [_thread_blocked, id=12460, stack(0x00000000222d0000,0x00000000223d0000)]
  0x000000001b2ea800 JavaThread "AWT-Windows" daemon [_thread_in_native, id=12944, stack(0x000000001ce60000,0x000000001cf60000)]
  0x0000000019d4f000 JavaThread "Java2D Disposer" daemon [_thread_blocked, id=9152, stack(0x000000001c170000,0x000000001c270000)]
  0x000000001857a800 JavaThread "Service Thread" daemon [_thread_blocked, id=3224, stack(0x0000000019060000,0x0000000019160000)]
  0x00000000184d9000 JavaThread "C1 CompilerThread3" daemon [_thread_blocked, id=10076, stack(0x0000000018f60000,0x0000000019060000)]
  0x00000000184b0800 JavaThread "C2 CompilerThread2" daemon [_thread_blocked, id=7964, stack(0x0000000018e60000,0x0000000018f60000)]
  0x0000000017a6e800 JavaThread "C2 CompilerThread1" daemon [_thread_blocked, id=7096, stack(0x0000000018d60000,0x0000000018e60000)]
  0x0000000017a3c000 JavaThread "C2 CompilerThread0" daemon [_thread_blocked, id=3448, stack(0x0000000018c60000,0x0000000018d60000)]
  0x0000000017785800 JavaThread "JDWP Command Reader" daemon [_thread_in_native, id=4332, stack(0x0000000018360000,0x0000000018460000)]
  0x0000000017783000 JavaThread "JDWP Event Helper Thread" daemon [_thread_blocked, id=2796, stack(0x0000000018260000,0x0000000018360000)]
  0x0000000017781000 JavaThread "JDWP Transport Listener: dt_socket" daemon [_thread_blocked, id=1776, stack(0x0000000018160000,0x0000000018260000)]
  0x000000001776b000 JavaThread "Attach Listener" daemon [_thread_blocked, id=6876, stack(0x0000000018060000,0x0000000018160000)]
  0x0000000017768000 JavaThread "Signal Dispatcher" daemon [_thread_blocked, id=12704, stack(0x0000000017f60000,0x0000000018060000)]
  0x0000000017765000 JavaThread "Surrogate Locker Thread (Concurrent GC)" daemon [_thread_blocked, id=12952, stack(0x0000000017e60000,0x0000000017f60000)]
  0x0000000016e64000 JavaThread "Finalizer" daemon [_thread_blocked, id=1864, stack(0x0000000017c70000,0x0000000017d70000)]
  0x0000000016e5b000 JavaThread "Reference Handler" daemon [_thread_blocked, id=10112, stack(0x0000000017b70000,0x0000000017c70000)]
=>0x0000000002b5e000 JavaThread "Client thread" [_thread_in_native, id=784, stack(0x0000000002b90000,0x0000000002c90000)]

Other Threads:
  0x0000000016e56800 VMThread [stack: 0x0000000017a70000,0x0000000017b70000] [id=12524]
  0x000000001858a800 WatcherThread [stack: 0x0000000019160000,0x0000000019260000] [id=12492]

VM state:not at safepoint (normal execution)

VM Mutex/Monitor currently owned by a thread: None

Heap:
 par new generation   total 314560K, used 105649K [0x00000000c0000000, 0x00000000d5550000, 0x00000000d5550000)
  eden space 279616K,  28% used [0x00000000c0000000, 0x00000000c4ccf848, 0x00000000d1110000)
  from space 34944K,  77% used [0x00000000d1110000, 0x00000000d2b6cf50, 0x00000000d3330000)
  to   space 34944K,   0% used [0x00000000d3330000, 0x00000000d3330000, 0x00000000d5550000)
 concurrent mark-sweep generation total 699072K, used 252308K [0x00000000d5550000, 0x0000000100000000, 0x0000000100000000)
 Metaspace       used 53509K, capacity 53959K, committed 54656K, reserved 1097728K
  class space    used 6298K, capacity 6426K, committed 6528K, reserved 1048576K

Card table byte_map: [0x0000000012a50000,0x0000000012c60000] byte_map_base: 0x0000000012450000

Marking Bits: (CMSBitMap*) 0x0000000002d24178
 Bits: [0x0000000013640000, 0x00000000140eac00)

Mod Union Table: (CMSBitMap*) 0x0000000002d24238
 Bits: [0x0000000002a90000, 0x0000000002abaab0)

Polling page: 0x0000000000cd0000

CodeCache: size=245760Kb used=45447Kb max_used=46482Kb free=200312Kb
 bounds [0x0000000002e90000, 0x0000000005da0000, 0x0000000011e90000]
 total_blobs=10031 nmethods=9091 adapters=856
 compilation: enabled

Compilation events (10 events):
Event: 246.768 Thread 0x00000000184d9000 13570       3       net.minecraft.entity.passive.EntityBat::setIsBatHanging (51 bytes)
Event: 246.768 Thread 0x00000000184d9000 nmethod 13570 0x00000000034367d0 code [0x00000000034369a0, 0x0000000003436f88]
Event: 247.575 Thread 0x00000000184d9000 13571       3       net.minecraft.entity.Entity::isOffsetPositionInLiquid (57 bytes)
Event: 247.576 Thread 0x00000000184d9000 nmethod 13571 0x00000000049c4810 code [0x00000000049c49c0, 0x00000000049c4eb8]
Event: 247.967 Thread 0x00000000184d9000 13572       3       net.minecraft.world.World::getStarBrightnessBody (49 bytes)
Event: 247.967 Thread 0x00000000184d9000 nmethod 13572 0x0000000004c91e50 code [0x0000000004c92060, 0x0000000004c92618]
Event: 248.369 Thread 0x00000000184d9000 13573       1       java.lang.ThreadGroup::getMaxPriority (5 bytes)
Event: 248.369 Thread 0x00000000184d9000 nmethod 13573 0x00000000048ed950 code [0x00000000048edaa0, 0x00000000048edbb0]
Event: 248.372 Thread 0x00000000184d9000 13574       3       java.util.IdentityHashMap$IdentityHashMapIterator::nextIndex (72 bytes)
Event: 248.373 Thread 0x00000000184d9000 nmethod 13574 0x0000000003698ad0 code [0x0000000003698c80, 0x00000000036990e8]

GC Heap History (10 events):
Event: 202.833 GC heap before
{Heap before GC invocations=35 (full 17):
 par new generation   total 314560K, used 301884K [0x00000000c0000000, 0x00000000d5550000, 0x00000000d5550000)
  eden space 279616K, 100% used [0x00000000c0000000, 0x00000000d1110000, 0x00000000d1110000)
  from space 34944K,  63% used [0x00000000d3330000, 0x00000000d48ef2a8, 0x00000000d5550000)
  to   space 34944K,   0% used [0x00000000d1110000, 0x00000000d1110000, 0x00000000d3330000)
 concurrent mark-sweep generation total 699072K, used 262843K [0x00000000d5550000, 0x0000000100000000, 0x0000000100000000)
 Metaspace       used 53449K, capacity 53889K, committed 54400K, reserved 1097728K
  class space    used 6297K, capacity 6425K, committed 6528K, reserved 1048576K
Event: 202.837 GC heap after
Heap after GC invocations=36 (full 17):
 par new generation   total 314560K, used 27831K [0x00000000c0000000, 0x00000000d5550000, 0x00000000d5550000)
  eden space 279616K,   0% used [0x00000000c0000000, 0x00000000c0000000, 0x00000000d1110000)
  from space 34944K,  79% used [0x00000000d1110000, 0x00000000d2c3df10, 0x00000000d3330000)
  to   space 34944K,   0% used [0x00000000d3330000, 0x00000000d3330000, 0x00000000d5550000)
 concurrent mark-sweep generation total 699072K, used 262843K [0x00000000d5550000, 0x0000000100000000, 0x0000000100000000)
 Metaspace       used 53449K, capacity 53889K, committed 54400K, reserved 1097728K
  class space    used 6297K, capacity 6425K, committed 6528K, reserved 1048576K
}
Event: 213.622 GC heap before
{Heap before GC invocations=36 (full 17):
 par new generation   total 314560K, used 307447K [0x00000000c0000000, 0x00000000d5550000, 0x00000000d5550000)
  eden space 279616K, 100% used [0x00000000c0000000, 0x00000000d1110000, 0x00000000d1110000)
  from space 34944K,  79% used [0x00000000d1110000, 0x00000000d2c3df10, 0x00000000d3330000)
  to   space 34944K,   0% used [0x00000000d3330000, 0x00000000d3330000, 0x00000000d5550000)
 concurrent mark-sweep generation total 699072K, used 262843K [0x00000000d5550000, 0x0000000100000000, 0x0000000100000000)
 Metaspace       used 53463K, capacity 53889K, committed 54400K, reserved 1097728K
  class space    used 6297K, capacity 6425K, committed 6528K, reserved 1048576K
Event: 213.627 GC heap after
Heap after GC invocations=37 (full 17):
 par new generation   total 314560K, used 28906K [0x00000000c0000000, 0x00000000d5550000, 0x00000000d5550000)
  eden space 279616K,   0% used [0x00000000c0000000, 0x00000000c0000000, 0x00000000d1110000)
  from space 34944K,  82% used [0x00000000d3330000, 0x00000000d4f6aa80, 0x00000000d5550000)
  to   space 34944K,   0% used [0x00000000d1110000, 0x00000000d1110000, 0x00000000d3330000)
 concurrent mark-sweep generation total 699072K, used 265673K [0x00000000d5550000, 0x0000000100000000, 0x0000000100000000)
 Metaspace       used 53463K, capacity 53889K, committed 54400K, reserved 1097728K
  class space    used 6297K, capacity 6425K, committed 6528K, reserved 1048576K
}
Event: 223.017 GC heap before
{Heap before GC invocations=37 (full 17):
 par new generation   total 314560K, used 308522K [0x00000000c0000000, 0x00000000d5550000, 0x00000000d5550000)
  eden space 279616K, 100% used [0x00000000c0000000, 0x00000000d1110000, 0x00000000d1110000)
  from space 34944K,  82% used [0x00000000d3330000, 0x00000000d4f6aa80, 0x00000000d5550000)
  to   space 34944K,   0% used [0x00000000d1110000, 0x00000000d1110000, 0x00000000d3330000)
 concurrent mark-sweep generation total 699072K, used 244173K [0x00000000d5550000, 0x0000000100000000, 0x0000000100000000)
 Metaspace       used 53483K, capacity 53889K, committed 54400K, reserved 1097728K
  class space    used 6297K, capacity 6425K, committed 6528K, reserved 1048576K
Event: 223.021 GC heap after
Heap after GC invocations=38 (full 17):
 par new generation   total 314560K, used 19051K [0x00000000c0000000, 0x00000000d5550000, 0x00000000d5550000)
  eden space 279616K,   0% used [0x00000000c0000000, 0x00000000c0000000, 0x00000000d1110000)
  from space 34944K,  54% used [0x00000000d1110000, 0x00000000d23aae70, 0x00000000d3330000)
  to   space 34944K,   0% used [0x00000000d3330000, 0x00000000d3330000, 0x00000000d5550000)
 concurrent mark-sweep generation total 699072K, used 247466K [0x00000000d5550000, 0x0000000100000000, 0x0000000100000000)
 Metaspace       used 53483K, capacity 53889K, committed 54400K, reserved 1097728K
  class space    used 6297K, capacity 6425K, committed 6528K, reserved 1048576K
}
Event: 233.825 GC heap before
{Heap before GC invocations=38 (full 17):
 par new generation   total 314560K, used 298667K [0x00000000c0000000, 0x00000000d5550000, 0x00000000d5550000)
  eden space 279616K, 100% used [0x00000000c0000000, 0x00000000d1110000, 0x00000000d1110000)
  from space 34944K,  54% used [0x00000000d1110000, 0x00000000d23aae70, 0x00000000d3330000)
  to   space 34944K,   0% used [0x00000000d3330000, 0x00000000d3330000, 0x00000000d5550000)
 concurrent mark-sweep generation total 699072K, used 247466K [0x00000000d5550000, 0x0000000100000000, 0x0000000100000000)
 Metaspace       used 53496K, capacity 53959K, committed 54656K, reserved 1097728K
  class space    used 6297K, capacity 6426K, committed 6528K, reserved 1048576K
Event: 233.831 GC heap after
Heap after GC invocations=39 (full 17):
 par new generation   total 314560K, used 28662K [0x00000000c0000000, 0x00000000d5550000, 0x00000000d5550000)
  eden space 279616K,   0% used [0x00000000c0000000, 0x00000000c0000000, 0x00000000d1110000)
  from space 34944K,  82% used [0x00000000d3330000, 0x00000000d4f2daa0, 0x00000000d5550000)
  to   space 34944K,   0% used [0x00000000d1110000, 0x00000000d1110000, 0x00000000d3330000)
 concurrent mark-sweep generation total 699072K, used 249655K [0x00000000d5550000, 0x0000000100000000, 0x0000000100000000)
 Metaspace       used 53496K, capacity 53959K, committed 54656K, reserved 1097728K
  class space    used 6297K, capacity 6426K, committed 6528K, reserved 1048576K
}
Event: 244.921 GC heap before
{Heap before GC invocations=39 (full 17):
 par new generation   total 314560K, used 308278K [0x00000000c0000000, 0x00000000d5550000, 0x00000000d5550000)
  eden space 279616K, 100% used [0x00000000c0000000, 0x00000000d1110000, 0x00000000d1110000)
  from space 34944K,  82% used [0x00000000d3330000, 0x00000000d4f2daa0, 0x00000000d5550000)
  to   space 34944K,   0% used [0x00000000d1110000, 0x00000000d1110000, 0x00000000d3330000)
 concurrent mark-sweep generation total 699072K, used 249655K [0x00000000d5550000, 0x0000000100000000, 0x0000000100000000)
 Metaspace       used 53502K, capacity 53959K, committed 54656K, reserved 1097728K
  class space    used 6297K, capacity 6426K, committed 6528K, reserved 1048576K
Event: 244.926 GC heap after
Heap after GC invocations=40 (full 17):
 par new generation   total 314560K, used 26995K [0x00000000c0000000, 0x00000000d5550000, 0x00000000d5550000)
  eden space 279616K,   0% used [0x00000000c0000000, 0x00000000c0000000, 0x00000000d1110000)
  from space 34944K,  77% used [0x00000000d1110000, 0x00000000d2b6cf50, 0x00000000d3330000)
  to   space 34944K,   0% used [0x00000000d3330000, 0x00000000d3330000, 0x00000000d5550000)
 concurrent mark-sweep generation total 699072K, used 252308K [0x00000000d5550000, 0x0000000100000000, 0x0000000100000000)
 Metaspace       used 53502K, capacity 53959K, committed 54656K, reserved 1097728K
  class space    used 6297K, capacity 6426K, committed 6528K, reserved 1048576K
}

Deoptimization events (10 events):
Event: 235.505 Thread 0x0000000002b5e000 Uncommon trap: reason=class_check action=maybe_recompile pc=0x0000000005292e68 method=net.minecraft.client.renderer.entity.RendererLivingEntity.doRender(Lnet/minecraft/entity/EntityLivingBase;DDDFF)V @ 971
Event: 235.523 Thread 0x0000000002b5e000 Uncommon trap: reason=class_check action=maybe_recompile pc=0x0000000005292e68 method=net.minecraft.client.renderer.entity.RendererLivingEntity.doRender(Lnet/minecraft/entity/EntityLivingBase;DDDFF)V @ 971
Event: 235.538 Thread 0x0000000002b5e000 Uncommon trap: reason=class_check action=maybe_recompile pc=0x0000000005292e68 method=net.minecraft.client.renderer.entity.RendererLivingEntity.doRender(Lnet/minecraft/entity/EntityLivingBase;DDDFF)V @ 971
Event: 235.783 Thread 0x0000000002b5e000 Uncommon trap: reason=unstable_if action=reinterpret pc=0x000000000525ac34 method=net.minecraft.world.chunk.Chunk.enqueueRelightChecks()V @ 125
Event: 236.070 Thread 0x0000000019eb1800 Uncommon trap: reason=unstable_if action=reinterpret pc=0x000000000504157c method=net.minecraft.entity.ai.EntityAITempt.shouldExecute()Z @ 44
Event: 242.851 Thread 0x0000000002b5e000 Uncommon trap: reason=unstable_if action=reinterpret pc=0x0000000005a52e20 method=net.minecraft.client.renderer.RenderBlocks.renderBlockLiquid(Lnet/minecraft/block/Block;III)Z @ 182
Event: 244.521 Thread 0x0000000019eb1800 Uncommon trap: reason=unstable_if action=reinterpret pc=0x0000000004b8cb40 method=net.minecraft.entity.EntityLivingBase.isEntityAlive()Z @ 13
Event: 245.815 Thread 0x0000000002b5e000 Uncommon trap: reason=unstable_if action=reinterpret pc=0x000000000441f074 method=net.minecraft.world.World.getStarBrightnessBody(F)F @ 28
Event: 245.815 Thread 0x0000000002b5e000 Uncommon trap: reason=unstable_if action=reinterpret pc=0x0000000005a2fb74 method=net.minecraft.client.renderer.RenderGlobal.renderSky(F)V @ 1235
Event: 245.834 Thread 0x0000000002b5e000 Uncommon trap: reason=unstable_if action=reinterpret pc=0x0000000004a7f710 method=net.minecraft.world.World.getStarBrightnessBody(F)F @ 28

Internal exceptions (10 events):
Event: 247.998 Thread 0x0000000027db1800 Exception <a 'java/lang/InterruptedException': sleep interrupted> (0x00000000c44c14c0) thrown at [C:\workspace\8-2-build-windows-amd64-cygwin\jdk8u65\4987\hotspot\src\share\vm\prims\jvm.cpp, line 3215]
Event: 248.017 Thread 0x0000000027db1800 Exception <a 'java/lang/InterruptedException': sleep interrupted> (0x00000000c44c1768) thrown at [C:\workspace\8-2-build-windows-amd64-cygwin\jdk8u65\4987\hotspot\src\share\vm\prims\jvm.cpp, line 3215]
Event: 248.032 Thread 0x0000000027db1800 Exception <a 'java/lang/InterruptedException': sleep interrupted> (0x00000000c44c1a10) thrown at [C:\workspace\8-2-build-windows-amd64-cygwin\jdk8u65\4987\hotspot\src\share\vm\prims\jvm.cpp, line 3215]
Event: 248.049 Thread 0x0000000027db1800 Exception <a 'java/lang/InterruptedException': sleep interrupted> (0x00000000c44c1cb8) thrown at [C:\workspace\8-2-build-windows-amd64-cygwin\jdk8u65\4987\hotspot\src\share\vm\prims\jvm.cpp, line 3215]
Event: 248.066 Thread 0x0000000027db1800 Exception <a 'java/lang/InterruptedException': sleep interrupted> (0x00000000c44c1f60) thrown at [C:\workspace\8-2-build-windows-amd64-cygwin\jdk8u65\4987\hotspot\src\share\vm\prims\jvm.cpp, line 3215]
Event: 248.082 Thread 0x0000000027db1800 Exception <a 'java/lang/InterruptedException': sleep interrupted> (0x00000000c44c2208) thrown at [C:\workspace\8-2-build-windows-amd64-cygwin\jdk8u65\4987\hotspot\src\share\vm\prims\jvm.cpp, line 3215]
Event: 248.098 Thread 0x0000000027db1800 Exception <a 'java/lang/InterruptedException': sleep interrupted> (0x00000000c44c24b0) thrown at [C:\workspace\8-2-build-windows-amd64-cygwin\jdk8u65\4987\hotspot\src\share\vm\prims\jvm.cpp, line 3215]
Event: 248.116 Thread 0x0000000027db1800 Exception <a 'java/lang/InterruptedException': sleep interrupted> (0x00000000c44c2758) thrown at [C:\workspace\8-2-build-windows-amd64-cygwin\jdk8u65\4987\hotspot\src\share\vm\prims\jvm.cpp, line 3215]
Event: 248.132 Thread 0x0000000027db1800 Exception <a 'java/lang/InterruptedException': sleep interrupted> (0x00000000c44c2a00) thrown at [C:\workspace\8-2-build-windows-amd64-cygwin\jdk8u65\4987\hotspot\src\share\vm\prims\jvm.cpp, line 3215]
Event: 248.149 Thread 0x0000000027db1800 Exception <a 'java/lang/InterruptedException': sleep interrupted> (0x00000000c44c2ca8) thrown at [C:\workspace\8-2-build-windows-amd64-cygwin\jdk8u65\4987\hotspot\src\share\vm\prims\jvm.cpp, line 3215]

Events (10 events):
Event: 248.116 Thread 0x0000000027db1800 DEOPT PACKING pc=0x0000000003d8bb9c sp=0x000000004810f560
Event: 248.116 Thread 0x0000000027db1800 DEOPT UNPACKING pc=0x0000000002ed787f sp=0x000000004810f278 mode 1
Event: 248.132 Thread 0x0000000027db1800 DEOPT PACKING pc=0x0000000003d8bb9c sp=0x000000004810f560
Event: 248.132 Thread 0x0000000027db1800 DEOPT UNPACKING pc=0x0000000002ed787f sp=0x000000004810f278 mode 1
Event: 248.149 Thread 0x0000000027db1800 DEOPT PACKING pc=0x0000000003d8bb9c sp=0x000000004810f560
Event: 248.149 Thread 0x0000000027db1800 DEOPT UNPACKING pc=0x0000000002ed787f sp=0x000000004810f278 mode 1
Event: 248.230 Thread 0x0000000019eb7800 Thread added: 0x0000000019eb7800
Event: 248.239 loading class sun/java2d/pipe/hw/AccelDeviceEventNotifier
Event: 248.239 loading class sun/java2d/pipe/hw/AccelDeviceEventNotifier done
Event: 248.369 Thread 0x0000000019eb8000 Thread added: 0x0000000019eb8000


Dynamic libraries:
0x00007ff7dea80000 - 0x00007ff7deab7000 	C:\Program Files\Java\jdk1.8.0_65\bin\java.exe
0x00007ffff6870000 - 0x00007ffff6a41000 	C:\WINDOWS\SYSTEM32\ntdll.dll
0x00007ffff3e00000 - 0x00007ffff3eab000 	C:\WINDOWS\System32\KERNEL32.DLL
0x00007ffff3740000 - 0x00007ffff395d000 	C:\WINDOWS\System32\KERNELBASE.dll
0x00007ffff67c0000 - 0x00007ffff6862000 	C:\WINDOWS\System32\ADVAPI32.dll
0x00007ffff45a0000 - 0x00007ffff463e000 	C:\WINDOWS\System32\msvcrt.dll
0x00007ffff61b0000 - 0x00007ffff6209000 	C:\WINDOWS\System32\sechost.dll
0x00007ffff6080000 - 0x00007ffff61a1000 	C:\WINDOWS\System32\RPCRT4.dll
0x00007ffff6220000 - 0x00007ffff6385000 	C:\WINDOWS\System32\USER32.dll
0x00007ffff2e00000 - 0x00007ffff2e1e000 	C:\WINDOWS\System32\win32u.dll
0x00007ffff44a0000 - 0x00007ffff44d4000 	C:\WINDOWS\System32\GDI32.dll
0x00007ffff2ed0000 - 0x00007ffff3052000 	C:\WINDOWS\System32\gdi32full.dll
0x00007fffe9e50000 - 0x00007fffea0ca000 	C:\WINDOWS\WinSxS\amd64_microsoft.windows.common-controls_6595b64144ccf1df_6.0.14393.351_none_4213128bc687e6d3\COMCTL32.dll
0x00007ffff4650000 - 0x00007ffff4917000 	C:\WINDOWS\System32\combase.dll
0x00007ffff3960000 - 0x00007ffff3a55000 	C:\WINDOWS\System32\ucrtbase.dll
0x00007ffff3d90000 - 0x00007ffff3dfa000 	C:\WINDOWS\System32\bcryptPrimitives.dll
0x00007ffff41d0000 - 0x00007ffff41fe000 	C:\WINDOWS\System32\IMM32.DLL
0x0000000065860000 - 0x0000000065932000 	C:\Program Files\Java\jdk1.8.0_65\jre\bin\msvcr100.dll
0x0000000065dd0000 - 0x0000000066659000 	C:\Program Files\Java\jdk1.8.0_65\jre\bin\server\jvm.dll
0x00007ffff6070000 - 0x00007ffff6078000 	C:\WINDOWS\System32\PSAPI.DLL
0x00007fffe2020000 - 0x00007fffe2029000 	C:\WINDOWS\SYSTEM32\WSOCK32.dll
0x00007fffee120000 - 0x00007fffee12a000 	C:\WINDOWS\SYSTEM32\VERSION.dll
0x00007ffff0bb0000 - 0x00007ffff0bd3000 	C:\WINDOWS\SYSTEM32\WINMM.dll
0x00007ffff6000000 - 0x00007ffff606a000 	C:\WINDOWS\System32\WS2_32.dll
0x00007ffff0b10000 - 0x00007ffff0b3b000 	C:\WINDOWS\SYSTEM32\WINMMBASE.dll
0x00007ffff3ce0000 - 0x00007ffff3d22000 	C:\WINDOWS\System32\cfgmgr32.dll
0x0000000065ce0000 - 0x0000000065cef000 	C:\Program Files\Java\jdk1.8.0_65\jre\bin\verify.dll
0x0000000065cb0000 - 0x0000000065cd9000 	C:\Program Files\Java\jdk1.8.0_65\jre\bin\java.dll
0x0000000065820000 - 0x0000000065855000 	C:\Program Files\Java\jdk1.8.0_65\jre\bin\jdwp.dll
0x0000000065810000 - 0x0000000065818000 	C:\Program Files\Java\jdk1.8.0_65\jre\bin\npt.dll
0x00000000657e0000 - 0x0000000065803000 	C:\Program Files\Java\jdk1.8.0_65\jre\bin\instrument.dll
0x0000000065c90000 - 0x0000000065ca6000 	C:\Program Files\Java\jdk1.8.0_65\jre\bin\zip.dll
0x00007ffff4a20000 - 0x00007ffff5f29000 	C:\WINDOWS\System32\SHELL32.dll
0x00007ffff3060000 - 0x00007ffff373a000 	C:\WINDOWS\System32\windows.storage.dll
0x00007ffff2cf0000 - 0x00007ffff2d3c000 	C:\WINDOWS\System32\powrprof.dll
0x00007ffff4170000 - 0x00007ffff41c2000 	C:\WINDOWS\System32\shlwapi.dll
0x00007ffff2d40000 - 0x00007ffff2d4f000 	C:\WINDOWS\System32\kernel.appcore.dll
0x00007ffff2e20000 - 0x00007ffff2ec9000 	C:\WINDOWS\System32\shcore.dll
0x00007ffff2cd0000 - 0x00007ffff2ce4000 	C:\WINDOWS\System32\profapi.dll
0x00000000657d0000 - 0x00000000657d9000 	C:\Program Files\Java\jdk1.8.0_65\jre\bin\dt_socket.dll
0x00007ffff2500000 - 0x00007ffff255c000 	C:\WINDOWS\system32\mswsock.dll
0x0000000065a50000 - 0x0000000065a5d000 	C:\Program Files\Java\jdk1.8.0_65\jre\bin\management.dll
0x0000000065c70000 - 0x0000000065c8a000 	C:\Program Files\Java\jdk1.8.0_65\jre\bin\net.dll
0x0000000065c50000 - 0x0000000065c61000 	C:\Program Files\Java\jdk1.8.0_65\jre\bin\nio.dll
0x00007fffe1940000 - 0x00007fffe1956000 	C:\WINDOWS\system32\napinsp.dll
0x00007fffe1a70000 - 0x00007fffe1a8a000 	C:\WINDOWS\system32\pnrpnsp.dll
0x00007fffeddc0000 - 0x00007fffeddd8000 	C:\WINDOWS\system32\NLAapi.dll
0x00007ffff22d0000 - 0x00007ffff2370000 	C:\WINDOWS\SYSTEM32\DNSAPI.dll
0x00007ffff4640000 - 0x00007ffff4648000 	C:\WINDOWS\System32\NSI.dll
0x00007ffff2290000 - 0x00007ffff22c8000 	C:\WINDOWS\SYSTEM32\IPHLPAPI.DLL
0x00007fffe1ab0000 - 0x00007fffe1abe000 	C:\WINDOWS\System32\winrnr.dll
0x00007fffed540000 - 0x00007fffed54a000 	C:\Windows\System32\rasadhlp.dll
0x00007fffed360000 - 0x00007fffed3ca000 	C:\WINDOWS\System32\fwpuclnt.dll
0x00007ffff2c10000 - 0x00007ffff2c3b000 	C:\WINDOWS\SYSTEM32\bcrypt.dll
0x0000000065980000 - 0x00000000659a4000 	C:\Program Files\Java\jdk1.8.0_65\jre\bin\sunec.dll
0x00007ffff27a0000 - 0x00007ffff27b7000 	C:\WINDOWS\SYSTEM32\CRYPTSP.dll
0x00007ffff2680000 - 0x00007ffff26b3000 	C:\WINDOWS\system32\rsaenh.dll
0x00007ffff2380000 - 0x00007ffff239f000 	C:\WINDOWS\SYSTEM32\USERENV.dll
0x00007ffff27c0000 - 0x00007ffff27cb000 	C:\WINDOWS\SYSTEM32\CRYPTBASE.dll
0x00007fffedc20000 - 0x00007fffedc36000 	C:\WINDOWS\SYSTEM32\dhcpcsvc6.DLL
0x00007fffeda30000 - 0x00007fffeda4a000 	C:\WINDOWS\SYSTEM32\dhcpcsvc.DLL
0x0000000065ab0000 - 0x0000000065c48000 	C:\Program Files\Java\jdk1.8.0_65\jre\bin\awt.dll
0x00007ffff44e0000 - 0x00007ffff459f000 	C:\WINDOWS\System32\OLEAUT32.dll
0x00007ffff2d60000 - 0x00007ffff2dfc000 	C:\WINDOWS\System32\msvcp_win.dll
0x00007ffff1280000 - 0x00007ffff12fa000 	C:\WINDOWS\SYSTEM32\apphelp.dll
0x00007ffff1460000 - 0x00007ffff14f5000 	C:\WINDOWS\system32\uxtheme.dll
0x00007ffff3ff0000 - 0x00007ffff414b000 	C:\WINDOWS\System32\MSCTF.dll
0x00007ffff0a40000 - 0x00007ffff0a66000 	C:\WINDOWS\system32\dwmapi.dll
0x00007ffff3eb0000 - 0x00007ffff3fe7000 	C:\WINDOWS\System32\ole32.dll
0x0000000065a60000 - 0x0000000065aa7000 	C:\Program Files\Java\jdk1.8.0_65\jre\bin\fontmanager.dll
0x00007fffe2d60000 - 0x00007fffe2f2b000 	C:\WINDOWS\system32\nvspcap64.dll
0x00007ffff6390000 - 0x00007ffff67b9000 	C:\WINDOWS\System32\SETUPAPI.dll
0x00007ffff0230000 - 0x00007ffff0243000 	C:\WINDOWS\SYSTEM32\WTSAPI32.dll
0x00007fffecf00000 - 0x00007fffecfcd000 	C:\WINDOWS\SYSTEM32\WINHTTP.dll
0x00007fffec270000 - 0x00007fffec669000 	C:\WINDOWS\system32\nvapi64.dll
0x00007ffff1c60000 - 0x00007ffff1cff000 	C:\WINDOWS\SYSTEM32\dxgi.dll
0x00007fffece10000 - 0x00007fffecef6000 	C:\Program Files (x86)\NVIDIA Corporation\3D Vision\nvSCPAPI64.dll
0x00000000659c0000 - 0x0000000065a02000 	C:\Program Files\Java\jdk1.8.0_65\jre\bin\t2k.dll
0x0000000180000000 - 0x0000000180051000 	C:\Users\Bruker\.gradle\caches\minecraft\net\minecraft\minecraft_natives\1.7.10\lwjgl64.dll
0x00007fffe33b0000 - 0x00007fffe34d3000 	C:\WINDOWS\SYSTEM32\OPENGL32.dll
0x00007fffeca20000 - 0x00007fffeca4d000 	C:\WINDOWS\SYSTEM32\GLU32.dll
0x00007fffdffa0000 - 0x00007fffe0097000 	C:\WINDOWS\SYSTEM32\DDRAW.dll
0x00007fffed3d0000 - 0x00007fffed3d8000 	C:\WINDOWS\SYSTEM32\DCIMAN32.dll
0x0000000063680000 - 0x00000000657d0000 	C:\WINDOWS\SYSTEM32\nvoglv64.DLL
0x00007ffff1980000 - 0x00007ffff19a8000 	C:\WINDOWS\SYSTEM32\DEVOBJ.dll
0x00007ffff3d30000 - 0x00007ffff3d85000 	C:\WINDOWS\System32\WINTRUST.dll
0x00007ffff2d50000 - 0x00007ffff2d60000 	C:\WINDOWS\System32\MSASN1.dll
0x00007ffff3b10000 - 0x00007ffff3cd9000 	C:\WINDOWS\System32\CRYPT32.dll
0x00007ffff20e0000 - 0x00007ffff2112000 	C:\WINDOWS\SYSTEM32\ntmarta.dll
0x00007fffec920000 - 0x00007fffec9b1000 	C:\WINDOWS\SYSTEM32\mscms.dll
0x00007fffe30f0000 - 0x00007fffe3132000 	C:\WINDOWS\SYSTEM32\icm32.dll
0x00007ffff1fd0000 - 0x00007ffff2026000 	C:\WINDOWS\SYSTEM32\WINSTA.dll
0x0000000070a40000 - 0x0000000070adc000 	C:\Users\Bruker\.gradle\caches\minecraft\net\minecraft\minecraft_natives\1.7.10\avutil-ttv-51.dll
0x000000001af70000 - 0x000000001afc6000 	C:\Users\Bruker\.gradle\caches\minecraft\net\minecraft\minecraft_natives\1.7.10\swresample-ttv-0.dll
0x000000006eb80000 - 0x000000006ec50000 	C:\Users\Bruker\.gradle\caches\minecraft\net\minecraft\minecraft_natives\1.7.10\libmp3lame-ttv.dll
0x00007fffcaff0000 - 0x00007fffcc394000 	C:\Users\Bruker\.gradle\caches\minecraft\net\minecraft\minecraft_natives\1.7.10\libmfxsw64.dll
0x00007fffdcf80000 - 0x00007fffdd0ab000 	C:\Users\Bruker\.gradle\caches\minecraft\net\minecraft\minecraft_natives\1.7.10\twitchsdk.dll
0x00007fffe9bb0000 - 0x00007fffe9e43000 	C:\WINDOWS\SYSTEM32\WININET.dll
0x000000001d0b0000 - 0x000000001d114000 	C:\Users\Bruker\.gradle\caches\minecraft\net\minecraft\minecraft_natives\1.7.10\OpenAL64.dll
0x00007ffff4980000 - 0x00007ffff4a1f000 	C:\WINDOWS\System32\clbcatq.dll
0x00007fffed9b0000 - 0x00007fffeda21000 	C:\WINDOWS\System32\MMDevApi.dll
0x00007ffff0630000 - 0x00007ffff07b5000 	C:\WINDOWS\System32\PROPSYS.dll
0x00007fffddc00000 - 0x00007fffddc9b000 	C:\WINDOWS\SYSTEM32\dsound.dll
0x00007fffe7010000 - 0x00007fffe70a4000 	C:\WINDOWS\SYSTEM32\AUDIOSES.DLL
0x00007fffefe60000 - 0x00007fffeff96000 	C:\WINDOWS\SYSTEM32\wintypes.dll
0x00007fffdfbe0000 - 0x00007fffdfc65000 	C:\WINDOWS\SYSTEM32\winspool.drv
0x00007fffedde0000 - 0x00007fffedf72000 	C:\WINDOWS\SYSTEM32\dbghelp.dll

VM Arguments:
jvm_args: -agentlib:jdwp=transport=dt_socket,address=127.0.0.1:54000,suspend=y,server=n -Xincgc -Xmx1024M -Xms1024M -javaagent:C:\Users\Bruker\.IdeaIC2016.2\system\groovyHotSwap\gragent.jar -Dfile.encoding=UTF-8 
java_command: GradleStart --username mikkemusbruker@gmail.com --password ZarkovC-+
java_class_path (initial): C:\Program Files\Java\jdk1.8.0_65\jre\lib\charsets.jar;C:\Program Files\Java\jdk1.8.0_65\jre\lib\deploy.jar;C:\Program Files\Java\jdk1.8.0_65\jre\lib\ext\access-bridge-64.jar;C:\Program Files\Java\jdk1.8.0_65\jre\lib\ext\cldrdata.jar;C:\Program Files\Java\jdk1.8.0_65\jre\lib\ext\dnsns.jar;C:\Program Files\Java\jdk1.8.0_65\jre\lib\ext\jaccess.jar;C:\Program Files\Java\jdk1.8.0_65\jre\lib\ext\jfxrt.jar;C:\Program Files\Java\jdk1.8.0_65\jre\lib\ext\localedata.jar;C:\Program Files\Java\jdk1.8.0_65\jre\lib\ext\nashorn.jar;C:\Program Files\Java\jdk1.8.0_65\jre\lib\ext\sunec.jar;C:\Program Files\Java\jdk1.8.0_65\jre\lib\ext\sunjce_provider.jar;C:\Program Files\Java\jdk1.8.0_65\jre\lib\ext\sunmscapi.jar;C:\Program Files\Java\jdk1.8.0_65\jre\lib\ext\sunpkcs11.jar;C:\Program Files\Java\jdk1.8.0_65\jre\lib\ext\zipfs.jar;C:\Program Files\Java\jdk1.8.0_65\jre\lib\javaws.jar;C:\Program Files\Java\jdk1.8.0_65\jre\lib\jce.jar;C:\Program Files\Java\jdk1.8.0_65\jre\lib\jfr.jar;C:\Program Files\Java\jdk1.8.0_65\jre\lib\jfxswt.jar;C:\Program Files\Java\jdk1.8.0_65\jre\lib\jsse.jar;C:\Program Files\Java\jdk1.8.0_65\jre\lib\management-agent.jar;C:\Program Files\Java\jdk1.8.0_65\jre\lib\plugin.jar;C:\Program Files\Java\jdk1.8.0_65\jre\lib\resources.jar;C:\Program Files\Java\jdk1.8.0_65\jre\lib\rt.jar;C:\Users\Bruker\Desktop\Truffle Mod\out\production\Truffle Mod;C:\Users\Bruker\.gradle\caches\minecraft\net\minecraftforge\forge\1.7.10-10.13.4.1614-1.7.10\forgeSrc-1.7.10-10.13.4.1614-1.7.10.jar;C:\Users\Bruker\.gradle\caches\modules-2\files-2.1\net.minecraft\launchwrapper\1.12\111e7bea9c968cdb3d06ef4632bf7ff0824d0f36\launchwrapper-1.12.jar;C:\Users\Bruker\.gradle\caches\modules-2\files-2.1\com.google.code.findbugs\jsr305\1.3.9\40719ea6961c0cb6afaeb6a921eaa1f6afd4cfdf\jsr305-1.3.9.jar;C:\Users\Bruker\.gradle\caches\modules-2\files-2.1\org.ow2.asm\asm-debug-all\5.0.3\f9e364ae2a66ce2a543012a4668856e84e5dab74\asm-debug-all-5.0.3.jar;C:\Users\Bruker\.gradle\caches\mo
Launcher Type: SUN_STANDARD

Environment Variables:
JAVA_HOME=C:\Program Files\Java\jdk1.8.0_65
PATH=C:\ProgramData\Oracle\Java\javapath;C:\Program Files (x86)\Razer Chroma SDK\bin;C:\Program Files\Razer Chroma SDK\bin;C:\Program Files (x86)\Intel\iCLS Client\;C:\Program Files\Intel\iCLS Client\;C:\Windows\system32;C:\Windows;C:\Windows\System32\Wbem;C:\Windows\System32\WindowsPowerShell\v1.0\;C:\Program Files\Intel\Intel(R) Management Engine Components\DAL;C:\Program Files (x86)\Intel\Intel(R) Management Engine Components\DAL;C:\Program Files\Intel\Intel(R) Management Engine Components\IPT;C:\Program Files (x86)\Intel\Intel(R) Management Engine Components\IPT;C:\Program Files (x86)\NVIDIA Corporation\PhysX\Common;C:\Program Files (x86)\Windows Live\Shared;C:\WINDOWS\system32;C:\WINDOWS;C:\WINDOWS\System32\Wbem;C:\WINDOWS\System32\WindowsPowerShell\v1.0\;C:\Program Files (x86)\Skype\Phone\;C:\WINDOWS\system32;C:\WINDOWS;C:\WINDOWS\System32\Wbem;C:\WINDOWS\System32\WindowsPowerShell\v1.0\;C:\Program Files\Java\jdk1.8.0_65\bin;%USERPROFILE%\AppData\Local\Microsoft\WindowsApps;
USERNAME=Bruker
OS=Windows_NT
PROCESSOR_IDENTIFIER=Intel64 Family 6 Model 60 Stepping 3, GenuineIntel



---------------  S Y S T E M  ---------------

OS: Windows 10.0 , 64 bit Build 14393 (10.0.14393.0)

CPU:total 8 (4 cores per cpu, 2 threads per core) family 6 model 60 stepping 3, cmov, cx8, fxsr, mmx, sse, sse2, sse3, ssse3, sse4.1, sse4.2, popcnt, avx, avx2, aes, clmul, erms, lzcnt, ht, tsc, tscinvbit, bmi1, bmi2

Memory: 4k page, physical 16711272k(7030452k free), swap 19201640k(8036080k free)

vm_info: Java HotSpot(TM) 64-Bit Server VM (25.65-b01) for windows-amd64 JRE (1.8.0_65-b17), built on Oct  6 2015 16:39:20 by "java_re" with MS VC++ 10.0 (VS2010)

time: Fri Nov 18 18:32:07 2016
elapsed time: 248 seconds (0d 0h 4m 8s)

