#
# A fatal error has been detected by the Java Runtime Environment:
#
#  EXCEPTION_ACCESS_VIOLATION (0xc0000005) at pc=0x000000001dbc1066, pid=3520, tid=4916
#
# JRE version: Java(TM) SE Runtime Environment (8.0_65-b17) (build 1.8.0_65-b17)
# Java VM: Java HotSpot(TM) 64-Bit Server VM (25.65-b01 mixed mode windows-amd64 compressed oops)
# Problematic frame:
# C  [OpenAL64.dll+0x11066]
#
# Failed to write core dump. Minidumps are not enabled by default on client versions of Windows
#
# If you would like to submit a bug report, please visit:
#   http://bugreport.java.com/bugreport/crash.jsp
# The crash happened outside the Java Virtual Machine in native code.
# See problematic frame for where to report the bug.
#

---------------  T H R E A D  ---------------

Current thread (0x00000000192d6800):  JavaThread "Thread-8" [_thread_in_native, id=4916, stack(0x0000000022340000,0x0000000022440000)]

siginfo: ExceptionCode=0xc0000005, reading address 0x000000001e031004

Registers:
RAX=0x0000000000000004, RBX=0x00000000433e0090, RCX=0x000000001e031008, RDX=0x000000001e031004
RSP=0x000000002243eea0, RBP=0x00000000000000ff, RSI=0x000000001e030a7c, RDI=0x0000000000000000
R8 =0x0000000000000162, R9 =0x000000001e030a7c, R10=0x0000000002455e08, R11=0x0000000073ae9450
R12=0x0000000000000001, R13=0x000000002d306458, R14=0x000000002243f038, R15=0x00000000192d6800
RIP=0x000000001dbc1066, EFLAGS=0x0000000000010202

Top of Stack: (sp=0x000000002243eea0)
0x000000002243eea0:   0000000000000000 000000007398bceb
0x000000002243eeb0:   00000000192d6800 00000000192d6800
0x000000002243eec0:   000000002d306458 0000000000000000
0x000000002243eed0:   00000000192d6800 000000001e024940
0x000000002243eee0:   000000002d306458 000000002243f038
0x000000002243eef0:   000000001d128fa0 000000007397a026
0x000000002243ef00:   000000002243f6a8 0000000017f7f4d0
0x000000002243ef10:   00000000192d6800 000000002243f038
0x000000002243ef20:   000000002d306458 0000000000000000
0x000000002243ef30:   000000001e030a7c 00000000d5561bf0
0x000000002243ef40:   000000002243f000 000000001dbc248f
0x000000002243ef50:   00000000433e0090 00000000433e0090
0x000000002243ef60:   000000000000ac44 0000000000000004
0x000000002243ef70:   0000000000000010 0000000002455e34
0x000000002243ef80:   000000002d306458 0000000002455b9d
0x000000002243ef90:   00000000192d6800 000000002d306458 

Instructions: (pc=0x000000001dbc1066)
0x000000001dbc1046:   41 2b ec 81 3a 03 00 02 00 75 09 8b 01 89 84 24
0x000000001dbc1056:   c8 00 00 00 49 83 c0 02 48 83 c1 08 4a 8d 14 86
0x000000001dbc1066:   39 3a 75 af 4c 8d 84 24 c0 00 00 00 48 8d 15 d7
0x000000001dbc1076:   2b 03 00 33 c9 e8 58 5f 00 00 b8 40 1f 00 00 4c 


Register to memory mapping:

RAX=0x0000000000000004 is an unknown value
RBX=0x00000000433e0090 is an unknown value
RCX=0x000000001e031008 is an unknown value
RDX=0x000000001e031004 is an unknown value
RSP=0x000000002243eea0 is pointing into the stack for thread: 0x00000000192d6800
RBP=0x00000000000000ff is an unknown value
RSI=0x000000001e030a7c is an unknown value
RDI=0x0000000000000000 is an unknown value
R8 =0x0000000000000162 is an unknown value
R9 =0x000000001e030a7c is an unknown value
R10=0x0000000002455e08 is at code_begin+840 in an Interpreter codelet
method entry point (kind = native)  [0x0000000002455ac0, 0x0000000002456420]  2400 bytes
R11=0x0000000073ae9450 is an unknown value
R12=0x0000000000000001 is an unknown value
R13={method} {0x000000002d306460} 'nalcCreateContext' '(JJ)J' in 'org/lwjgl/openal/ALC10'
R14=0x000000002243f038 is pointing into the stack for thread: 0x00000000192d6800
R15=0x00000000192d6800 is a thread


Stack: [0x0000000022340000,0x0000000022440000],  sp=0x000000002243eea0,  free space=1019k
Native frames: (J=compiled Java code, j=interpreted, Vv=VM code, C=native code)
C  [OpenAL64.dll+0x11066]
C  [OpenAL64.dll+0x1248f]
C  0x0000000002455e34

Java frames: (J=compiled Java code, j=interpreted, Vv=VM code)
j  org.lwjgl.openal.ALC10.nalcCreateContext(JJ)J+0
j  org.lwjgl.openal.ALC10.alcCreateContext(Lorg/lwjgl/openal/ALCdevice;Ljava/nio/IntBuffer;)Lorg/lwjgl/openal/ALCcontext;+8
j  org.lwjgl.openal.AL.init(Ljava/lang/String;IIZZ)V+69
j  org.lwjgl.openal.AL.create(Ljava/lang/String;IIZZ)V+227
j  org.lwjgl.openal.AL.create(Ljava/lang/String;IIZ)V+5
j  org.lwjgl.openal.AL.create()V+6
j  paulscode.sound.libraries.LibraryLWJGLOpenAL.init()V+2
j  paulscode.sound.SoundSystem.CommandNewLibrary(Ljava/lang/Class;)V+273
j  paulscode.sound.SoundSystem.CommandQueue(Lpaulscode/sound/CommandObject;)Z+1206
j  paulscode.sound.CommandThread.run()V+51
v  ~StubRoutines::call_stub

---------------  P R O C E S S  ---------------

Java Threads: ( => current thread )
  0x00000000192d5000 JavaThread "Thread-9" [_thread_blocked, id=2528, stack(0x0000000026900000,0x0000000026a00000)]
  0x00000000192d0000 JavaThread "Keep-Alive-Timer" daemon [_thread_blocked, id=9196, stack(0x000000002d400000,0x000000002d500000)]
=>0x00000000192d6800 JavaThread "Thread-8" [_thread_in_native, id=4916, stack(0x0000000022340000,0x0000000022440000)]
  0x00000000192d1800 JavaThread "Sound Library Loader" [_thread_blocked, id=5652, stack(0x000000001dab0000,0x000000001dbb0000)]
  0x00000000192d2000 JavaThread "LWJGL Timer" daemon [_thread_blocked, id=2044, stack(0x000000001dc90000,0x000000001dd90000)]
  0x00000000192d3000 JavaThread "Thread-6" [_thread_blocked, id=3036, stack(0x000000001faf0000,0x000000001fbf0000)]
  0x00000000192d4800 JavaThread "Java2D Disposer" daemon [_thread_blocked, id=10940, stack(0x000000001c4e0000,0x000000001c5e0000)]
  0x00000000192d0800 JavaThread "Timer hack thread" daemon [_thread_blocked, id=2632, stack(0x000000001b2d0000,0x000000001b3d0000)]
  0x00000000192d3800 JavaThread "Snooper Timer" daemon [_thread_blocked, id=7752, stack(0x000000001b010000,0x000000001b110000)]
  0x0000000017ecb000 JavaThread "Monitor Ctrl-Break" daemon [_thread_in_native, id=7152, stack(0x0000000018650000,0x0000000018750000)]
  0x0000000016dee000 JavaThread "Service Thread" daemon [_thread_blocked, id=5168, stack(0x0000000017b60000,0x0000000017c60000)]
  0x0000000016d61800 JavaThread "C1 CompilerThread3" daemon [_thread_blocked, id=3436, stack(0x0000000017a60000,0x0000000017b60000)]
  0x0000000016d60000 JavaThread "C2 CompilerThread2" daemon [_thread_blocked, id=10044, stack(0x0000000017960000,0x0000000017a60000)]
  0x0000000016d5f000 JavaThread "C2 CompilerThread1" daemon [_thread_blocked, id=4700, stack(0x0000000017860000,0x0000000017960000)]
  0x0000000016d5d800 JavaThread "C2 CompilerThread0" daemon [_thread_in_native, id=8576, stack(0x0000000017760000,0x0000000017860000)]
  0x0000000016d5b800 JavaThread "Attach Listener" daemon [_thread_blocked, id=2860, stack(0x0000000017660000,0x0000000017760000)]
  0x0000000016d57000 JavaThread "Signal Dispatcher" daemon [_thread_blocked, id=10116, stack(0x0000000017560000,0x0000000017660000)]
  0x0000000016d56000 JavaThread "Surrogate Locker Thread (Concurrent GC)" daemon [_thread_blocked, id=8828, stack(0x0000000017460000,0x0000000017560000)]
  0x000000001644f800 JavaThread "Finalizer" daemon [_thread_blocked, id=4628, stack(0x0000000017260000,0x0000000017360000)]
  0x0000000016449000 JavaThread "Reference Handler" daemon [_thread_blocked, id=10888, stack(0x0000000017160000,0x0000000017260000)]
  0x0000000002346800 JavaThread "Client thread" [_thread_in_native, id=856, stack(0x0000000002240000,0x0000000002340000)]

Other Threads:
  0x0000000016445000 VMThread [stack: 0x0000000017060000,0x0000000017160000] [id=2316]
  0x0000000016e24000 WatcherThread [stack: 0x0000000017c60000,0x0000000017d60000] [id=7632]

VM state:not at safepoint (normal execution)

VM Mutex/Monitor currently owned by a thread: None

Heap:
 par new generation   total 314560K, used 96829K [0x00000000c0000000, 0x00000000d5550000, 0x00000000d5550000)
  eden space 279616K,  22% used [0x00000000c0000000, 0x00000000c3c6f7a0, 0x00000000d1110000)
  from space 34944K,  99% used [0x00000000d1110000, 0x00000000d332fff8, 0x00000000d3330000)
  to   space 34944K,   0% used [0x00000000d3330000, 0x00000000d3330000, 0x00000000d5550000)
 concurrent mark-sweep generation total 699072K, used 139962K [0x00000000d5550000, 0x0000000100000000, 0x0000000100000000)
 Metaspace       used 28870K, capacity 29129K, committed 29568K, reserved 1075200K
  class space    used 3573K, capacity 3673K, committed 3712K, reserved 1048576K

Card table byte_map: [0x0000000012000000,0x0000000012210000] byte_map_base: 0x0000000011a00000

Marking Bits: (CMSBitMap*) 0x00000000023d03b8
 Bits: [0x0000000012c00000, 0x00000000136aac00)

Mod Union Table: (CMSBitMap*) 0x00000000023d0478
 Bits: [0x00000000136b0000, 0x00000000136daab0)

Polling page: 0x00000000021f0000

CodeCache: size=245760Kb used=12923Kb max_used=13364Kb free=232836Kb
 bounds [0x0000000002440000, 0x00000000031b0000, 0x0000000011440000]
 total_blobs=3882 nmethods=3221 adapters=573
 compilation: enabled

Compilation events (10 events):
Event: 10.842 Thread 0x0000000016d60000 nmethod 4033% 0x00000000026da110 code [0x00000000026da2c0, 0x00000000026dae68]
Event: 10.842 Thread 0x0000000016d61800 nmethod 4034 0x0000000002f81e10 code [0x0000000002f82060, 0x0000000002f82df8]
Event: 10.842 Thread 0x0000000016d61800 4035       3       java.io.FileInputStream::open (6 bytes)
Event: 10.842 Thread 0x0000000016d61800 nmethod 4035 0x0000000002df1a50 code [0x0000000002df1bc0, 0x0000000002df1d48]
Event: 10.843 Thread 0x0000000016d5f000 4036       4       java.util.LinkedList::<init> (10 bytes)
Event: 10.844 Thread 0x0000000016d5f000 nmethod 4036 0x00000000026d9ed0 code [0x00000000026da000, 0x00000000026da058]
Event: 10.848 Thread 0x0000000016d61800 4037       3       java.lang.Exception::<init> (6 bytes)
Event: 10.848 Thread 0x0000000016d61800 nmethod 4037 0x00000000026dc710 code [0x00000000026dc880, 0x00000000026dcbc8]
Event: 10.853 Thread 0x0000000016d60000 4038       4       java.security.CodeSource::getCertificates (98 bytes)
Event: 10.853 Thread 0x0000000016d60000 nmethod 4038 0x00000000026dbe90 code [0x00000000026dbfc0, 0x00000000026dc058]

GC Heap History (10 events):
Event: 4.676 GC heap before
{Heap before GC invocations=2 (full 2):
 par new generation   total 314560K, used 303035K [0x00000000c0000000, 0x00000000d5550000, 0x00000000d5550000)
  eden space 279616K, 100% used [0x00000000c0000000, 0x00000000d1110000, 0x00000000d1110000)
  from space 34944K,  67% used [0x00000000d3330000, 0x00000000d4a0ec58, 0x00000000d5550000)
  to   space 34944K,   0% used [0x00000000d1110000, 0x00000000d1110000, 0x00000000d3330000)
 concurrent mark-sweep generation total 699072K, used 2563K [0x00000000d5550000, 0x0000000100000000, 0x0000000100000000)
 Metaspace       used 24660K, capacity 24893K, committed 25216K, reserved 1071104K
  class space    used 3050K, capacity 3118K, committed 3200K, reserved 1048576K
Event: 4.702 GC heap after
Heap after GC invocations=3 (full 2):
 par new generation   total 314560K, used 16313K [0x00000000c0000000, 0x00000000d5550000, 0x00000000d5550000)
  eden space 279616K,   0% used [0x00000000c0000000, 0x00000000c0000000, 0x00000000d1110000)
  from space 34944K,  46% used [0x00000000d1110000, 0x00000000d20fe6e0, 0x00000000d3330000)
  to   space 34944K,   0% used [0x00000000d3330000, 0x00000000d3330000, 0x00000000d5550000)
 concurrent mark-sweep generation total 699072K, used 22573K [0x00000000d5550000, 0x0000000100000000, 0x0000000100000000)
 Metaspace       used 24660K, capacity 24893K, committed 25216K, reserved 1071104K
  class space    used 3050K, capacity 3118K, committed 3200K, reserved 1048576K
}
Event: 6.544 GC heap before
{Heap before GC invocations=3 (full 2):
 par new generation   total 314560K, used 295929K [0x00000000c0000000, 0x00000000d5550000, 0x00000000d5550000)
  eden space 279616K, 100% used [0x00000000c0000000, 0x00000000d1110000, 0x00000000d1110000)
  from space 34944K,  46% used [0x00000000d1110000, 0x00000000d20fe6e0, 0x00000000d3330000)
  to   space 34944K,   0% used [0x00000000d3330000, 0x00000000d3330000, 0x00000000d5550000)
 concurrent mark-sweep generation total 699072K, used 22573K [0x00000000d5550000, 0x0000000100000000, 0x0000000100000000)
 Metaspace       used 25610K, capacity 25827K, committed 26112K, reserved 1073152K
  class space    used 3135K, capacity 3215K, committed 3328K, reserved 1048576K
Event: 6.562 GC heap after
Heap after GC invocations=4 (full 2):
 par new generation   total 314560K, used 34304K [0x00000000c0000000, 0x00000000d5550000, 0x00000000d5550000)
  eden space 279616K,   0% used [0x00000000c0000000, 0x00000000c0000000, 0x00000000d1110000)
  from space 34944K,  98% used [0x00000000d3330000, 0x00000000d54b02d0, 0x00000000d5550000)
  to   space 34944K,   0% used [0x00000000d1110000, 0x00000000d1110000, 0x00000000d3330000)
 concurrent mark-sweep generation total 699072K, used 22573K [0x00000000d5550000, 0x0000000100000000, 0x0000000100000000)
 Metaspace       used 25610K, capacity 25827K, committed 26112K, reserved 1073152K
  class space    used 3135K, capacity 3215K, committed 3328K, reserved 1048576K
}
Event: 7.928 GC heap before
{Heap before GC invocations=4 (full 3):
 par new generation   total 314560K, used 313920K [0x00000000c0000000, 0x00000000d5550000, 0x00000000d5550000)
  eden space 279616K, 100% used [0x00000000c0000000, 0x00000000d1110000, 0x00000000d1110000)
  from space 34944K,  98% used [0x00000000d3330000, 0x00000000d54b02d0, 0x00000000d5550000)
  to   space 34944K,   0% used [0x00000000d1110000, 0x00000000d1110000, 0x00000000d3330000)
 concurrent mark-sweep generation total 699072K, used 22573K [0x00000000d5550000, 0x0000000100000000, 0x0000000100000000)
 Metaspace       used 25697K, capacity 25891K, committed 26368K, reserved 1073152K
  class space    used 3136K, capacity 3215K, committed 3328K, reserved 1048576K
Event: 7.967 GC heap after
Heap after GC invocations=5 (full 3):
 par new generation   total 314560K, used 34944K [0x00000000c0000000, 0x00000000d5550000, 0x00000000d5550000)
  eden space 279616K,   0% used [0x00000000c0000000, 0x00000000c0000000, 0x00000000d1110000)
  from space 34944K, 100% used [0x00000000d1110000, 0x00000000d3330000, 0x00000000d3330000)
  to   space 34944K,   0% used [0x00000000d3330000, 0x00000000d3330000, 0x00000000d5550000)
 concurrent mark-sweep generation total 699072K, used 56924K [0x00000000d5550000, 0x0000000100000000, 0x0000000100000000)
 Metaspace       used 25697K, capacity 25891K, committed 26368K, reserved 1073152K
  class space    used 3136K, capacity 3215K, committed 3328K, reserved 1048576K
}
Event: 9.225 GC heap before
{Heap before GC invocations=5 (full 3):
 par new generation   total 314560K, used 314560K [0x00000000c0000000, 0x00000000d5550000, 0x00000000d5550000)
  eden space 279616K, 100% used [0x00000000c0000000, 0x00000000d1110000, 0x00000000d1110000)
  from space 34944K, 100% used [0x00000000d1110000, 0x00000000d3330000, 0x00000000d3330000)
  to   space 34944K,   0% used [0x00000000d3330000, 0x00000000d3330000, 0x00000000d5550000)
 concurrent mark-sweep generation total 699072K, used 56809K [0x00000000d5550000, 0x0000000100000000, 0x0000000100000000)
 Metaspace       used 25746K, capacity 25955K, committed 26368K, reserved 1073152K
  class space    used 3137K, capacity 3215K, committed 3328K, reserved 1048576K
Event: 9.272 GC heap after
Heap after GC invocations=6 (full 3):
 par new generation   total 314560K, used 34944K [0x00000000c0000000, 0x00000000d5550000, 0x00000000d5550000)
  eden space 279616K,   0% used [0x00000000c0000000, 0x00000000c0000000, 0x00000000d1110000)
  from space 34944K, 100% used [0x00000000d3330000, 0x00000000d5550000, 0x00000000d5550000)
  to   space 34944K,   0% used [0x00000000d1110000, 0x00000000d1110000, 0x00000000d3330000)
 concurrent mark-sweep generation total 699072K, used 125499K [0x00000000d5550000, 0x0000000100000000, 0x0000000100000000)
 Metaspace       used 25746K, capacity 25955K, committed 26368K, reserved 1073152K
  class space    used 3137K, capacity 3215K, committed 3328K, reserved 1048576K
}
Event: 10.460 GC heap before
{Heap before GC invocations=6 (full 3):
 par new generation   total 314560K, used 314560K [0x00000000c0000000, 0x00000000d5550000, 0x00000000d5550000)
  eden space 279616K, 100% used [0x00000000c0000000, 0x00000000d1110000, 0x00000000d1110000)
  from space 34944K, 100% used [0x00000000d3330000, 0x00000000d5550000, 0x00000000d5550000)
  to   space 34944K,   0% used [0x00000000d1110000, 0x00000000d1110000, 0x00000000d3330000)
 concurrent mark-sweep generation total 699072K, used 125499K [0x00000000d5550000, 0x0000000100000000, 0x0000000100000000)
 Metaspace       used 27980K, capacity 28251K, committed 28672K, reserved 1075200K
  class space    used 3467K, capacity 3573K, committed 3584K, reserved 1048576K
Event: 10.481 GC heap after
Heap after GC invocations=7 (full 3):
 par new generation   total 314560K, used 34943K [0x00000000c0000000, 0x00000000d5550000, 0x00000000d5550000)
  eden space 279616K,   0% used [0x00000000c0000000, 0x00000000c0000000, 0x00000000d1110000)
  from space 34944K,  99% used [0x00000000d1110000, 0x00000000d332fff8, 0x00000000d3330000)
  to   space 34944K,   0% used [0x00000000d3330000, 0x00000000d3330000, 0x00000000d5550000)
 concurrent mark-sweep generation total 699072K, used 139962K [0x00000000d5550000, 0x0000000100000000, 0x0000000100000000)
 Metaspace       used 27980K, capacity 28251K, committed 28672K, reserved 1075200K
  class space    used 3467K, capacity 3573K, committed 3584K, reserved 1048576K
}

Deoptimization events (10 events):
Event: 10.412 Thread 0x0000000002346800 Uncommon trap: reason=unstable_if action=reinterpret pc=0x0000000002cd77c0 method=org.objectweb.asm.MethodWriter.visitMaxs(II)V @ 627
Event: 10.412 Thread 0x0000000002346800 Uncommon trap: reason=unstable_if action=reinterpret pc=0x0000000002d6de10 method=org.objectweb.asm.MethodWriter.visitTypeInsn(ILjava/lang/String;)V @ 24
Event: 10.413 Thread 0x0000000002346800 Uncommon trap: reason=class_check action=maybe_recompile pc=0x00000000028a60a4 method=java.lang.ClassLoader.loadClass(Ljava/lang/String;Z)Ljava/lang/Class; @ 38
Event: 10.413 Thread 0x0000000002346800 Uncommon trap: reason=class_check action=maybe_recompile pc=0x00000000028a60a4 method=java.lang.ClassLoader.loadClass(Ljava/lang/String;Z)Ljava/lang/Class; @ 38
Event: 10.425 Thread 0x00000000192d5000 Uncommon trap: reason=bimorphic action=maybe_recompile pc=0x0000000002870538 method=java.net.URL.<init>(Ljava/net/URL;Ljava/lang/String;Ljava/net/URLStreamHandler;)V @ 504
Event: 10.439 Thread 0x00000000192d5000 Uncommon trap: reason=unstable_if action=reinterpret pc=0x000000000274bc60 method=java.net.URI.match(CJJ)Z @ 45
Event: 10.440 Thread 0x00000000192d5000 Uncommon trap: reason=unstable_if action=reinterpret pc=0x0000000002584248 method=java.lang.ThreadLocal.get()Ljava/lang/Object; @ 11
Event: 10.499 Thread 0x0000000002346800 Uncommon trap: reason=unstable_if action=reinterpret pc=0x0000000002ca1c9c method=org.objectweb.asm.MethodWriter.visitVarInsn(II)V @ 270
Event: 10.583 Thread 0x00000000192d5000 Uncommon trap: reason=unstable_if action=reinterpret pc=0x0000000002d3894c method=sun.net.www.MessageHeader.grow()V @ 4
Event: 10.609 Thread 0x00000000192d1800 Uncommon trap: reason=unstable_if action=reinterpret pc=0x00000000031411e4 method=java.lang.ThreadLocal.get()Ljava/lang/Object; @ 11

Internal exceptions (10 events):
Event: 10.850 Thread 0x00000000192d6800 Exception <a 'org/lwjgl/LWJGLException'> (0x00000000c3bd15e0) thrown at [C:\workspace\8-2-build-windows-amd64-cygwin\jdk8u65\4987\hotspot\src\share\vm\prims\jni.cpp, line 709]
Event: 10.850 Thread 0x00000000192d6800 Exception <a 'org/lwjgl/LWJGLException'> (0x00000000c3bd1d88) thrown at [C:\workspace\8-2-build-windows-amd64-cygwin\jdk8u65\4987\hotspot\src\share\vm\prims\jni.cpp, line 709]
Event: 10.850 Thread 0x00000000192d6800 Exception <a 'org/lwjgl/LWJGLException'> (0x00000000c3bd2478) thrown at [C:\workspace\8-2-build-windows-amd64-cygwin\jdk8u65\4987\hotspot\src\share\vm\prims\jni.cpp, line 709]
Event: 10.850 Thread 0x00000000192d6800 Exception <a 'org/lwjgl/LWJGLException'> (0x00000000c3bd2aa8) thrown at [C:\workspace\8-2-build-windows-amd64-cygwin\jdk8u65\4987\hotspot\src\share\vm\prims\jni.cpp, line 709]
Event: 10.850 Thread 0x00000000192d6800 Exception <a 'org/lwjgl/LWJGLException'> (0x00000000c3bd2ff8) thrown at [C:\workspace\8-2-build-windows-amd64-cygwin\jdk8u65\4987\hotspot\src\share\vm\prims\jni.cpp, line 709]
Event: 10.850 Thread 0x00000000192d6800 Exception <a 'org/lwjgl/LWJGLException'> (0x00000000c3bd3540) thrown at [C:\workspace\8-2-build-windows-amd64-cygwin\jdk8u65\4987\hotspot\src\share\vm\prims\jni.cpp, line 709]
Event: 10.850 Thread 0x00000000192d6800 Exception <a 'org/lwjgl/LWJGLException'> (0x00000000c3bd3b40) thrown at [C:\workspace\8-2-build-windows-amd64-cygwin\jdk8u65\4987\hotspot\src\share\vm\prims\jni.cpp, line 709]
Event: 10.850 Thread 0x00000000192d6800 Exception <a 'org/lwjgl/LWJGLException'> (0x00000000c3bd41b0) thrown at [C:\workspace\8-2-build-windows-amd64-cygwin\jdk8u65\4987\hotspot\src\share\vm\prims\jni.cpp, line 709]
Event: 10.850 Thread 0x00000000192d6800 Exception <a 'org/lwjgl/LWJGLException'> (0x00000000c3bd47f0) thrown at [C:\workspace\8-2-build-windows-amd64-cygwin\jdk8u65\4987\hotspot\src\share\vm\prims\jni.cpp, line 709]
Event: 10.850 Thread 0x00000000192d6800 Exception <a 'org/lwjgl/LWJGLException'> (0x00000000c3bd4db8) thrown at [C:\workspace\8-2-build-windows-amd64-cygwin\jdk8u65\4987\hotspot\src\share\vm\prims\jni.cpp, line 709]

Events (10 events):
Event: 10.852 loading class org/lwjgl/openal/ALC10
Event: 10.852 loading class org/lwjgl/openal/ALC10 done
Event: 10.858 loading class org/lwjgl/openal/ALCdevice
Event: 10.858 loading class org/lwjgl/openal/ALCdevice done
Event: 10.858 loading class org/lwjgl/openal/ALCcontext
Event: 10.858 loading class org/lwjgl/openal/ALCcontext done
Event: 10.859 loading class org/lwjgl/openal/Util
Event: 10.859 loading class org/lwjgl/openal/Util done
Event: 10.859 loading class org/lwjgl/openal/OpenALException
Event: 10.859 loading class org/lwjgl/openal/OpenALException done


Dynamic libraries:
0x00007ff6aeb90000 - 0x00007ff6aebc7000 	C:\Program Files\Java\jdk1.8.0_65\bin\java.exe
0x00007ff9426c0000 - 0x00007ff942881000 	C:\WINDOWS\SYSTEM32\ntdll.dll
0x00007ff93fdb0000 - 0x00007ff93fe5d000 	C:\WINDOWS\system32\KERNEL32.DLL
0x00007ff93fbb0000 - 0x00007ff93fd8d000 	C:\WINDOWS\system32\KERNELBASE.dll
0x00007ff941e20000 - 0x00007ff941ec6000 	C:\WINDOWS\system32\ADVAPI32.dll
0x00007ff9419d0000 - 0x00007ff941a6d000 	C:\WINDOWS\system32\msvcrt.dll
0x00007ff9417b0000 - 0x00007ff94180b000 	C:\WINDOWS\system32\sechost.dll
0x00007ff942300000 - 0x00007ff942426000 	C:\WINDOWS\system32\RPCRT4.dll
0x00007ff941cd0000 - 0x00007ff941e1e000 	C:\WINDOWS\system32\USER32.dll
0x00007ff941a70000 - 0x00007ff941bf6000 	C:\WINDOWS\system32\GDI32.dll
0x00007ff93b7b0000 - 0x00007ff93ba24000 	C:\WINDOWS\WinSxS\amd64_microsoft.windows.common-controls_6595b64144ccf1df_6.0.10240.16384_none_f41f7b285750ef43\COMCTL32.dll
0x00007ff9422c0000 - 0x00007ff9422f6000 	C:\WINDOWS\system32\IMM32.DLL
0x00007ff941810000 - 0x00007ff94196c000 	C:\WINDOWS\system32\MSCTF.dll
0x0000000074150000 - 0x0000000074222000 	C:\Program Files\Java\jdk1.8.0_65\jre\bin\msvcr100.dll
0x00000000738c0000 - 0x0000000074149000 	C:\Program Files\Java\jdk1.8.0_65\jre\bin\server\jvm.dll
0x00007ff9426b0000 - 0x00007ff9426b8000 	C:\WINDOWS\system32\PSAPI.DLL
0x00007ff936e60000 - 0x00007ff936e69000 	C:\WINDOWS\SYSTEM32\WSOCK32.dll
0x00007ff93d260000 - 0x00007ff93d283000 	C:\WINDOWS\SYSTEM32\WINMM.dll
0x00007ff93c560000 - 0x00007ff93c56a000 	C:\WINDOWS\SYSTEM32\VERSION.dll
0x00007ff941c60000 - 0x00007ff941cc9000 	C:\WINDOWS\system32\WS2_32.dll
0x00007ff940270000 - 0x00007ff940278000 	C:\WINDOWS\system32\NSI.dll
0x00007ff93d1e0000 - 0x00007ff93d20c000 	C:\WINDOWS\SYSTEM32\WINMMBASE.dll
0x00007ff93f1f0000 - 0x00007ff93f234000 	C:\WINDOWS\system32\cfgmgr32.dll
0x00007ff93da60000 - 0x00007ff93da87000 	C:\WINDOWS\SYSTEM32\DEVOBJ.dll
0x0000000074650000 - 0x000000007465f000 	C:\Program Files\Java\jdk1.8.0_65\jre\bin\verify.dll
0x0000000073890000 - 0x00000000738b9000 	C:\Program Files\Java\jdk1.8.0_65\jre\bin\java.dll
0x0000000074630000 - 0x0000000074646000 	C:\Program Files\Java\jdk1.8.0_65\jre\bin\zip.dll
0x00007ff940280000 - 0x00007ff9417a2000 	C:\WINDOWS\system32\SHELL32.dll
0x00007ff93f580000 - 0x00007ff93fba8000 	C:\WINDOWS\system32\windows.storage.dll
0x00007ff942430000 - 0x00007ff9426ac000 	C:\WINDOWS\system32\combase.dll
0x00007ff941970000 - 0x00007ff9419c1000 	C:\WINDOWS\system32\shlwapi.dll
0x00007ff93f180000 - 0x00007ff93f18f000 	C:\WINDOWS\system32\kernel.appcore.dll
0x00007ff93f240000 - 0x00007ff93f2f3000 	C:\WINDOWS\system32\shcore.dll
0x00007ff93f130000 - 0x00007ff93f17a000 	C:\WINDOWS\system32\powrprof.dll
0x00007ff93f110000 - 0x00007ff93f123000 	C:\WINDOWS\system32\profapi.dll
0x00007ff936c50000 - 0x00007ff936c60000 	C:\Users\Bruker\IntelliJ IDEA Community Edition 15.0.2\bin\breakgen64.dll
0x0000000073870000 - 0x000000007388a000 	C:\Program Files\Java\jdk1.8.0_65\jre\bin\net.dll
0x00007ff93e960000 - 0x00007ff93e9bd000 	C:\WINDOWS\system32\mswsock.dll
0x0000000073860000 - 0x000000007386d000 	C:\Program Files\Java\jdk1.8.0_65\jre\bin\management.dll
0x0000000073840000 - 0x0000000073851000 	C:\Program Files\Java\jdk1.8.0_65\jre\bin\nio.dll
0x00007ff932420000 - 0x00007ff932435000 	C:\WINDOWS\system32\napinsp.dll
0x00007ff931180000 - 0x00007ff93119a000 	C:\WINDOWS\system32\pnrpnsp.dll
0x00007ff93cf70000 - 0x00007ff93cf88000 	C:\WINDOWS\system32\NLAapi.dll
0x00007ff93e760000 - 0x00007ff93e808000 	C:\WINDOWS\SYSTEM32\DNSAPI.dll
0x00007ff9326f0000 - 0x00007ff9326fd000 	C:\WINDOWS\System32\winrnr.dll
0x00007ff938470000 - 0x00007ff93847a000 	C:\Windows\System32\rasadhlp.dll
0x00007ff93cec0000 - 0x00007ff93cef8000 	C:\WINDOWS\SYSTEM32\IPHLPAPI.DLL
0x00007ff93ce60000 - 0x00007ff93ce6b000 	C:\WINDOWS\SYSTEM32\WINNSI.DLL
0x00007ff9394f0000 - 0x00007ff939558000 	C:\WINDOWS\System32\fwpuclnt.dll
0x00007ff93ec30000 - 0x00007ff93ec58000 	C:\WINDOWS\SYSTEM32\bcrypt.dll
0x0000000180000000 - 0x0000000180051000 	C:\Users\Bruker\.gradle\caches\minecraft\net\minecraft\minecraft_natives\1.7.10\lwjgl64.dll
0x00007ff923120000 - 0x00007ff923248000 	C:\WINDOWS\SYSTEM32\OPENGL32.dll
0x00007ff923020000 - 0x00007ff923116000 	C:\WINDOWS\SYSTEM32\DDRAW.dll
0x00007ff92b2b0000 - 0x00007ff92b2de000 	C:\WINDOWS\SYSTEM32\GLU32.dll
0x00007ff9326e0000 - 0x00007ff9326e8000 	C:\WINDOWS\SYSTEM32\DCIMAN32.dll
0x00007ff93e9c0000 - 0x00007ff93e9d7000 	C:\WINDOWS\SYSTEM32\CRYPTSP.dll
0x00007ff93e610000 - 0x00007ff93e643000 	C:\WINDOWS\system32\rsaenh.dll
0x00007ff93e700000 - 0x00007ff93e71f000 	C:\WINDOWS\SYSTEM32\USERENV.dll
0x00007ff93ef40000 - 0x00007ff93efab000 	C:\WINDOWS\system32\bcryptprimitives.dll
0x00007ff93eb30000 - 0x00007ff93eb3b000 	C:\WINDOWS\SYSTEM32\CRYPTBASE.dll
0x00007ff939580000 - 0x00007ff939596000 	C:\WINDOWS\SYSTEM32\dhcpcsvc6.DLL
0x00007ff939560000 - 0x00007ff93957a000 	C:\WINDOWS\SYSTEM32\dhcpcsvc.DLL
0x00000000736a0000 - 0x0000000073838000 	C:\Program Files\Java\jdk1.8.0_65\jre\bin\awt.dll
0x00007ff940070000 - 0x00007ff94012e000 	C:\WINDOWS\system32\OLEAUT32.dll
0x00007ff93d840000 - 0x00007ff93d8b8000 	C:\WINDOWS\system32\apphelp.dll
0x00007ff93d910000 - 0x00007ff93d9a6000 	C:\WINDOWS\system32\uxtheme.dll
0x00007ff93cdf0000 - 0x00007ff93ce12000 	C:\WINDOWS\system32\dwmapi.dll
0x00000000718c0000 - 0x000000007369a000 	C:\WINDOWS\SYSTEM32\nvoglv64.DLL
0x00007ff941ed0000 - 0x00007ff942095000 	C:\WINDOWS\system32\SETUPAPI.dll
0x00007ff93d0e0000 - 0x00007ff93d0f3000 	C:\WINDOWS\SYSTEM32\WTSAPI32.dll
0x00007ff923c40000 - 0x00007ff923dca000 	C:\WINDOWS\SYSTEM32\dbghelp.dll
0x00007ff93f190000 - 0x00007ff93f1e4000 	C:\WINDOWS\system32\WINTRUST.dll
0x00007ff93f0f0000 - 0x00007ff93f101000 	C:\WINDOWS\system32\MSASN1.dll
0x00007ff93f300000 - 0x00007ff93f4c1000 	C:\WINDOWS\system32\CRYPT32.dll
0x00007ff93e490000 - 0x00007ff93e4c2000 	C:\WINDOWS\SYSTEM32\ntmarta.dll
0x00007ff93e1b0000 - 0x00007ff93e208000 	C:\WINDOWS\SYSTEM32\WINSTA.dll
0x00007ff93bb80000 - 0x00007ff93bc11000 	C:\WINDOWS\SYSTEM32\mscms.dll
0x00007ff92b170000 - 0x00007ff92b1b2000 	C:\WINDOWS\SYSTEM32\icm32.dll
0x0000000070a40000 - 0x0000000070adc000 	C:\Users\Bruker\.gradle\caches\minecraft\net\minecraft\minecraft_natives\1.7.10\avutil-ttv-51.dll
0x0000000065980000 - 0x00000000659d6000 	C:\Users\Bruker\.gradle\caches\minecraft\net\minecraft\minecraft_natives\1.7.10\swresample-ttv-0.dll
0x000000006eb80000 - 0x000000006ec50000 	C:\Users\Bruker\.gradle\caches\minecraft\net\minecraft\minecraft_natives\1.7.10\libmp3lame-ttv.dll
0x00007ff916c50000 - 0x00007ff917ff4000 	C:\Users\Bruker\.gradle\caches\minecraft\net\minecraft\minecraft_natives\1.7.10\libmfxsw64.dll
0x00007ff91e9f0000 - 0x00007ff91eb1b000 	C:\Users\Bruker\.gradle\caches\minecraft\net\minecraft\minecraft_natives\1.7.10\twitchsdk.dll
0x00007ff93ff20000 - 0x00007ff940061000 	C:\WINDOWS\system32\ole32.dll
0x00007ff938010000 - 0x00007ff9382b7000 	C:\WINDOWS\SYSTEM32\WININET.dll
0x000000001dbb0000 - 0x000000001dc14000 	C:\Users\Bruker\.gradle\caches\minecraft\net\minecraft\minecraft_natives\1.7.10\OpenAL64.dll
0x00007ff93fe70000 - 0x00007ff93ff15000 	C:\WINDOWS\system32\clbcatq.dll
0x00007ff939990000 - 0x00007ff939a02000 	C:\WINDOWS\System32\MMDevApi.dll
0x00007ff93c870000 - 0x00007ff93c9f3000 	C:\WINDOWS\System32\PROPSYS.dll
0x00007ff923600000 - 0x00007ff92369c000 	C:\WINDOWS\SYSTEM32\dsound.dll
0x00007ff934500000 - 0x00007ff934585000 	C:\WINDOWS\SYSTEM32\AUDIOSES.DLL
0x00007ff93ba30000 - 0x00007ff93bb61000 	C:\WINDOWS\SYSTEM32\wintypes.dll

VM Arguments:
jvm_args: -Xincgc -Xmx1024M -Xms1024M -Didea.launcher.port=7533 -Didea.launcher.bin.path=C:\Users\Bruker\IntelliJ IDEA Community Edition 15.0.2\bin -Dfile.encoding=UTF-8 
java_command: com.intellij.rt.execution.application.AppMain GradleStart
java_class_path (initial): C:\Program Files\Java\jdk1.8.0_65\jre\lib\charsets.jar;C:\Program Files\Java\jdk1.8.0_65\jre\lib\deploy.jar;C:\Program Files\Java\jdk1.8.0_65\jre\lib\ext\access-bridge-64.jar;C:\Program Files\Java\jdk1.8.0_65\jre\lib\ext\cldrdata.jar;C:\Program Files\Java\jdk1.8.0_65\jre\lib\ext\dnsns.jar;C:\Program Files\Java\jdk1.8.0_65\jre\lib\ext\jaccess.jar;C:\Program Files\Java\jdk1.8.0_65\jre\lib\ext\jfxrt.jar;C:\Program Files\Java\jdk1.8.0_65\jre\lib\ext\localedata.jar;C:\Program Files\Java\jdk1.8.0_65\jre\lib\ext\nashorn.jar;C:\Program Files\Java\jdk1.8.0_65\jre\lib\ext\sunec.jar;C:\Program Files\Java\jdk1.8.0_65\jre\lib\ext\sunjce_provider.jar;C:\Program Files\Java\jdk1.8.0_65\jre\lib\ext\sunmscapi.jar;C:\Program Files\Java\jdk1.8.0_65\jre\lib\ext\sunpkcs11.jar;C:\Program Files\Java\jdk1.8.0_65\jre\lib\ext\zipfs.jar;C:\Program Files\Java\jdk1.8.0_65\jre\lib\javaws.jar;C:\Program Files\Java\jdk1.8.0_65\jre\lib\jce.jar;C:\Program Files\Java\jdk1.8.0_65\jre\lib\jfr.jar;C:\Program Files\Java\jdk1.8.0_65\jre\lib\jfxswt.jar;C:\Program Files\Java\jdk1.8.0_65\jre\lib\jsse.jar;C:\Program Files\Java\jdk1.8.0_65\jre\lib\management-agent.jar;C:\Program Files\Java\jdk1.8.0_65\jre\lib\plugin.jar;C:\Program Files\Java\jdk1.8.0_65\jre\lib\resources.jar;C:\Program Files\Java\jdk1.8.0_65\jre\lib\rt.jar;C:\Users\Bruker\Desktop\Truffle Mod\out\production\Truffle Mod;C:\Users\Bruker\.gradle\caches\minecraft\net\minecraftforge\forge\1.7.10-10.13.4.1558-1.7.10\forgeSrc-1.7.10-10.13.4.1558-1.7.10.jar;C:\Users\Bruker\.gradle\caches\modules-2\files-2.1\net.minecraft\launchwrapper\1.12\111e7bea9c968cdb3d06ef4632bf7ff0824d0f36\launchwrapper-1.12.jar;C:\Users\Bruker\.gradle\caches\modules-2\files-2.1\com.google.code.findbugs\jsr305\1.3.9\40719ea6961c0cb6afaeb6a921eaa1f6afd4cfdf\jsr305-1.3.9.jar;C:\Users\Bruker\.gradle\caches\modules-2\files-2.1\org.ow2.asm\asm-debug-all\5.0.3\f9e364ae2a66ce2a543012a4668856e84e5dab74\asm-debug-all-5.0.3.jar;C:\Users\Bruker\.gradle\caches\mo
Launcher Type: SUN_STANDARD

Environment Variables:
JAVA_HOME=C:\Program Files\Java\jdk1.8.0_65
PATH=C:\Program Files (x86)\Razer Chroma SDK\bin;C:\Program Files\Razer Chroma SDK\bin;C:\ProgramData\Oracle\Java\javapath;C:\Program Files (x86)\Intel\iCLS Client\;C:\Program Files\Intel\iCLS Client\;C:\Windows\system32;C:\Windows;C:\Windows\System32\Wbem;C:\Windows\System32\WindowsPowerShell\v1.0\;C:\Program Files\Intel\Intel(R) Management Engine Components\DAL;C:\Program Files (x86)\Intel\Intel(R) Management Engine Components\DAL;C:\Program Files\Intel\Intel(R) Management Engine Components\IPT;C:\Program Files (x86)\Intel\Intel(R) Management Engine Components\IPT;C:\Program Files (x86)\NVIDIA Corporation\PhysX\Common;C:\Program Files (x86)\Windows Live\Shared;C:\WINDOWS\system32;C:\WINDOWS;C:\WINDOWS\System32\Wbem;C:\WINDOWS\System32\WindowsPowerShell\v1.0\;C:\Program Files (x86)\Skype\Phone\;C:\Program Files\Java\jdk1.8.0_65\bin
USERNAME=Bruker
OS=Windows_NT
PROCESSOR_IDENTIFIER=Intel64 Family 6 Model 60 Stepping 3, GenuineIntel



---------------  S Y S T E M  ---------------

OS: Windows 10.0 , 64 bit Build 10240 (10.0.10240.16384)

CPU:total 8 (4 cores per cpu, 2 threads per core) family 6 model 60 stepping 3, cmov, cx8, fxsr, mmx, sse, sse2, sse3, ssse3, sse4.1, sse4.2, popcnt, avx, avx2, aes, clmul, erms, lzcnt, ht, tsc, tscinvbit, bmi1, bmi2

Memory: 4k page, physical 16711272k(8175528k free), swap 19201640k(8433768k free)

vm_info: Java HotSpot(TM) 64-Bit Server VM (25.65-b01) for windows-amd64 JRE (1.8.0_65-b17), built on Oct  6 2015 16:39:20 by "java_re" with MS VC++ 10.0 (VS2010)

time: Fri Jan 08 20:43:43 2016
elapsed time: 10 seconds (0d 0h 0m 10s)

