#
# A fatal error has been detected by the Java Runtime Environment:
#
#  EXCEPTION_ACCESS_VIOLATION (0xc0000005) at pc=0x000000001dd71066, pid=8284, tid=3948
#
# JRE version: Java(TM) SE Runtime Environment (8.0_65-b17) (build 1.8.0_65-b17)
# Java VM: Java HotSpot(TM) 64-Bit Server VM (25.65-b01 mixed mode windows-amd64 compressed oops)
# Problematic frame:
# C  [OpenAL64.dll+0x11066]
#
# Failed to write core dump. Minidumps are not enabled by default on client versions of Windows
#
# If you would like to submit a bug report, please visit:
#   http://bugreport.java.com/bugreport/crash.jsp
# The crash happened outside the Java Virtual Machine in native code.
# See problematic frame for where to report the bug.
#

---------------  T H R E A D  ---------------

Current thread (0x000000001d64e800):  JavaThread "Thread-8" [_thread_in_native, id=3948, stack(0x000000002ce20000,0x000000002cf20000)]

siginfo: ExceptionCode=0xc0000005, reading address 0x000000001bd8d004

Registers:
RAX=0x0000000000000004, RBX=0x000000002e3a0090, RCX=0x000000001bd8d008, RDX=0x000000001bd8d004
RSP=0x000000002cf1f000, RBP=0x00000000000000ff, RSI=0x000000001bd8cd7c, RDI=0x0000000000000000
R8 =0x00000000000000a2, R9 =0x000000001bd8cd7c, R10=0x00000000022f5e08, R11=0x0000000070d19450
R12=0x0000000000000001, R13=0x000000002cb37c10, R14=0x000000002cf1f198, R15=0x000000001d64e800
RIP=0x000000001dd71066, EFLAGS=0x0000000000010202

Top of Stack: (sp=0x000000002cf1f000)
0x000000002cf1f000:   0000000000000000 0000000070bbbceb
0x000000002cf1f010:   000000001d64e800 000000001d64e800
0x000000002cf1f020:   000000002cb37c10 0000000000000000
0x000000002cf1f030:   000000001d64e800 000000001bd88800
0x000000002cf1f040:   000000002cb37c10 000000002cf1f198
0x000000002cf1f050:   000000001b2fb490 0000000070baa026
0x000000002cf1f060:   000000002cf1f808 000000001d4970e0
0x000000002cf1f070:   000000001d64e800 000000002cf1f198
0x000000002cf1f080:   000000002cb37c10 0000000000000000
0x000000002cf1f090:   000000001bd8cd7c 00000000d5561bf0
0x000000002cf1f0a0:   000000002cf1f160 000000001dd7248f
0x000000002cf1f0b0:   000000002e3a0090 000000002e3a0090
0x000000002cf1f0c0:   000000000000ac44 0000000000000004
0x000000002cf1f0d0:   0000000000000010 00000000022f5e34
0x000000002cf1f0e0:   000000002cb37c10 00000000022f5b9d
0x000000002cf1f0f0:   000000001d64e800 000000002cb37c10 

Instructions: (pc=0x000000001dd71066)
0x000000001dd71046:   41 2b ec 81 3a 03 00 02 00 75 09 8b 01 89 84 24
0x000000001dd71056:   c8 00 00 00 49 83 c0 02 48 83 c1 08 4a 8d 14 86
0x000000001dd71066:   39 3a 75 af 4c 8d 84 24 c0 00 00 00 48 8d 15 d7
0x000000001dd71076:   2b 03 00 33 c9 e8 58 5f 00 00 b8 40 1f 00 00 4c 


Register to memory mapping:

RAX=0x0000000000000004 is an unknown value
RBX=0x000000002e3a0090 is an unknown value
RCX=0x000000001bd8d008 is an unknown value
RDX=0x000000001bd8d004 is an unknown value
RSP=0x000000002cf1f000 is pointing into the stack for thread: 0x000000001d64e800
RBP=0x00000000000000ff is an unknown value
RSI=0x000000001bd8cd7c is an unknown value
RDI=0x0000000000000000 is an unknown value
R8 =0x00000000000000a2 is an unknown value
R9 =0x000000001bd8cd7c is an unknown value
R10=0x00000000022f5e08 is at code_begin+840 in an Interpreter codelet
method entry point (kind = native)  [0x00000000022f5ac0, 0x00000000022f6420]  2400 bytes
R11=0x0000000070d19450 is an unknown value
R12=0x0000000000000001 is an unknown value
R13={method} {0x000000002cb37c18} 'nalcCreateContext' '(JJ)J' in 'org/lwjgl/openal/ALC10'
R14=0x000000002cf1f198 is pointing into the stack for thread: 0x000000001d64e800
R15=0x000000001d64e800 is a thread


Stack: [0x000000002ce20000,0x000000002cf20000],  sp=0x000000002cf1f000,  free space=1020k
Native frames: (J=compiled Java code, j=interpreted, Vv=VM code, C=native code)
C  [OpenAL64.dll+0x11066]
C  [OpenAL64.dll+0x1248f]
C  0x00000000022f5e34

Java frames: (J=compiled Java code, j=interpreted, Vv=VM code)
j  org.lwjgl.openal.ALC10.nalcCreateContext(JJ)J+0
j  org.lwjgl.openal.ALC10.alcCreateContext(Lorg/lwjgl/openal/ALCdevice;Ljava/nio/IntBuffer;)Lorg/lwjgl/openal/ALCcontext;+8
j  org.lwjgl.openal.AL.init(Ljava/lang/String;IIZZ)V+69
j  org.lwjgl.openal.AL.create(Ljava/lang/String;IIZZ)V+227
j  org.lwjgl.openal.AL.create(Ljava/lang/String;IIZ)V+5
j  org.lwjgl.openal.AL.create()V+6
j  paulscode.sound.libraries.LibraryLWJGLOpenAL.init()V+2
j  paulscode.sound.SoundSystem.CommandNewLibrary(Ljava/lang/Class;)V+273
j  paulscode.sound.SoundSystem.CommandQueue(Lpaulscode/sound/CommandObject;)Z+1206
j  paulscode.sound.CommandThread.run()V+51
v  ~StubRoutines::call_stub

---------------  P R O C E S S  ---------------

Java Threads: ( => current thread )
  0x000000001d650000 JavaThread "Thread-9" [_thread_blocked, id=204, stack(0x000000002cc20000,0x000000002cd20000)]
  0x000000001d64c800 JavaThread "Keep-Alive-Timer" daemon [_thread_blocked, id=4876, stack(0x000000002cf20000,0x000000002d020000)]
=>0x000000001d64e800 JavaThread "Thread-8" [_thread_in_native, id=3948, stack(0x000000002ce20000,0x000000002cf20000)]
  0x000000003ff8d800 JavaThread "Sound Library Loader" [_thread_blocked, id=240, stack(0x000000002cd20000,0x000000002ce20000)]
  0x000000001b860800 JavaThread "LWJGL Timer" daemon [_thread_blocked, id=10504, stack(0x0000000023810000,0x0000000023910000)]
  0x000000001e84d800 JavaThread "Thread-6" [_thread_blocked, id=10120, stack(0x00000000208b0000,0x00000000209b0000)]
  0x000000001b932000 JavaThread "Java2D Disposer" daemon [_thread_blocked, id=4972, stack(0x000000001ade0000,0x000000001aee0000)]
  0x000000001bb7a000 JavaThread "Timer hack thread" daemon [_thread_blocked, id=8580, stack(0x000000001dfd0000,0x000000001e0d0000)]
  0x000000001d55f000 JavaThread "Snooper Timer" daemon [_thread_blocked, id=7652, stack(0x000000001c420000,0x000000001c520000)]
  0x0000000017ccf000 JavaThread "Monitor Ctrl-Break" daemon [_thread_in_native, id=11016, stack(0x0000000018510000,0x0000000018610000)]
  0x0000000016c24000 JavaThread "Service Thread" daemon [_thread_blocked, id=11100, stack(0x00000000179f0000,0x0000000017af0000)]
  0x0000000016c0e000 JavaThread "C1 CompilerThread3" daemon [_thread_blocked, id=9356, stack(0x00000000178f0000,0x00000000179f0000)]
  0x0000000016c09000 JavaThread "C2 CompilerThread2" daemon [_thread_blocked, id=2740, stack(0x00000000177f0000,0x00000000178f0000)]
  0x0000000016c08800 JavaThread "C2 CompilerThread1" daemon [_thread_blocked, id=10364, stack(0x00000000176f0000,0x00000000177f0000)]
  0x0000000016c06800 JavaThread "C2 CompilerThread0" daemon [_thread_blocked, id=4408, stack(0x00000000175f0000,0x00000000176f0000)]
  0x0000000016c00800 JavaThread "Attach Listener" daemon [_thread_blocked, id=10472, stack(0x00000000174f0000,0x00000000175f0000)]
  0x0000000016bfc000 JavaThread "Signal Dispatcher" daemon [_thread_blocked, id=11012, stack(0x00000000173f0000,0x00000000174f0000)]
  0x0000000016bfa800 JavaThread "Surrogate Locker Thread (Concurrent GC)" daemon [_thread_blocked, id=5768, stack(0x00000000172f0000,0x00000000173f0000)]
  0x00000000162f5000 JavaThread "Finalizer" daemon [_thread_blocked, id=10784, stack(0x0000000017100000,0x0000000017200000)]
  0x00000000162ee800 JavaThread "Reference Handler" daemon [_thread_blocked, id=10252, stack(0x0000000017000000,0x0000000017100000)]
  0x00000000021e6800 JavaThread "Client thread" [_thread_in_native, id=10760, stack(0x00000000020e0000,0x00000000021e0000)]

Other Threads:
  0x00000000162ea800 VMThread [stack: 0x0000000016f00000,0x0000000017000000] [id=10788]
  0x0000000016c28000 WatcherThread [stack: 0x0000000017af0000,0x0000000017bf0000] [id=9800]

VM state:not at safepoint (normal execution)

VM Mutex/Monitor currently owned by a thread: None

Heap:
 par new generation   total 314560K, used 97018K [0x00000000c0000000, 0x00000000d5550000, 0x00000000d5550000)
  eden space 279616K,  22% used [0x00000000c0000000, 0x00000000c3c9e8a0, 0x00000000d1110000)
  from space 34944K,  99% used [0x00000000d1110000, 0x00000000d332fff8, 0x00000000d3330000)
  to   space 34944K,   0% used [0x00000000d3330000, 0x00000000d3330000, 0x00000000d5550000)
 concurrent mark-sweep generation total 699072K, used 146721K [0x00000000d5550000, 0x0000000100000000, 0x0000000100000000)
 Metaspace       used 28976K, capacity 29199K, committed 29568K, reserved 1075200K
  class space    used 3590K, capacity 3674K, committed 3712K, reserved 1048576K

Card table byte_map: [0x0000000011ea0000,0x00000000120b0000] byte_map_base: 0x00000000118a0000

Marking Bits: (CMSBitMap*) 0x00000000022794a8
 Bits: [0x0000000012a90000, 0x000000001353ac00)

Mod Union Table: (CMSBitMap*) 0x0000000002279568
 Bits: [0x0000000013540000, 0x000000001356aab0)

Polling page: 0x0000000001f10000

CodeCache: size=245760Kb used=12533Kb max_used=12772Kb free=233226Kb
 bounds [0x00000000022e0000, 0x0000000002f70000, 0x00000000112e0000]
 total_blobs=3836 nmethods=3176 adapters=572
 compilation: enabled

Compilation events (10 events):
Event: 10.840 Thread 0x0000000016c08800 nmethod 4023 0x00000000024e6a50 code [0x00000000024e6ba0, 0x00000000024e6c88]
Event: 10.841 Thread 0x0000000016c09000 nmethod 4022 0x00000000027fd410 code [0x00000000027fd580, 0x00000000027fda28]
Event: 10.841 Thread 0x0000000016c0e000 4024       3       org.apache.commons.lang3.Validate::notNull (11 bytes)
Event: 10.842 Thread 0x0000000016c0e000 nmethod 4024 0x0000000002b9f850 code [0x0000000002b9fa80, 0x0000000002ba0698]
Event: 10.842 Thread 0x0000000016c0e000 4025       3       net.minecraft.util.ResourceLocation::<init> (40 bytes)
Event: 10.842 Thread 0x0000000016c0e000 nmethod 4025 0x0000000002b98a50 code [0x0000000002b98ca0, 0x0000000002b99ab8]
Event: 10.857 Thread 0x0000000016c0e000 4026       3       java.lang.Throwable::<init> (34 bytes)
Event: 10.857 Thread 0x0000000016c0e000 nmethod 4026 0x00000000024a0c50 code [0x00000000024a0dc0, 0x00000000024a10a8]
Event: 10.872 Thread 0x0000000016c0e000 4027       3       java.lang.Exception::<init> (6 bytes)
Event: 10.873 Thread 0x0000000016c0e000 nmethod 4027 0x0000000002bb4290 code [0x0000000002bb4400, 0x0000000002bb4748]

GC Heap History (10 events):
Event: 4.787 GC heap before
{Heap before GC invocations=2 (full 2):
 par new generation   total 314560K, used 303063K [0x00000000c0000000, 0x00000000d5550000, 0x00000000d5550000)
  eden space 279616K, 100% used [0x00000000c0000000, 0x00000000d1110000, 0x00000000d1110000)
  from space 34944K,  67% used [0x00000000d3330000, 0x00000000d4a15e30, 0x00000000d5550000)
  to   space 34944K,   0% used [0x00000000d1110000, 0x00000000d1110000, 0x00000000d3330000)
 concurrent mark-sweep generation total 699072K, used 2562K [0x00000000d5550000, 0x0000000100000000, 0x0000000100000000)
 Metaspace       used 24634K, capacity 24893K, committed 25216K, reserved 1071104K
  class space    used 3043K, capacity 3118K, committed 3200K, reserved 1048576K
Event: 4.810 GC heap after
Heap after GC invocations=3 (full 2):
 par new generation   total 314560K, used 14597K [0x00000000c0000000, 0x00000000d5550000, 0x00000000d5550000)
  eden space 279616K,   0% used [0x00000000c0000000, 0x00000000c0000000, 0x00000000d1110000)
  from space 34944K,  41% used [0x00000000d1110000, 0x00000000d1f51778, 0x00000000d3330000)
  to   space 34944K,   0% used [0x00000000d3330000, 0x00000000d3330000, 0x00000000d5550000)
 concurrent mark-sweep generation total 699072K, used 22570K [0x00000000d5550000, 0x0000000100000000, 0x0000000100000000)
 Metaspace       used 24634K, capacity 24893K, committed 25216K, reserved 1071104K
  class space    used 3043K, capacity 3118K, committed 3200K, reserved 1048576K
}
Event: 6.624 GC heap before
{Heap before GC invocations=3 (full 2):
 par new generation   total 314560K, used 294213K [0x00000000c0000000, 0x00000000d5550000, 0x00000000d5550000)
  eden space 279616K, 100% used [0x00000000c0000000, 0x00000000d1110000, 0x00000000d1110000)
  from space 34944K,  41% used [0x00000000d1110000, 0x00000000d1f51778, 0x00000000d3330000)
  to   space 34944K,   0% used [0x00000000d3330000, 0x00000000d3330000, 0x00000000d5550000)
 concurrent mark-sweep generation total 699072K, used 22570K [0x00000000d5550000, 0x0000000100000000, 0x0000000100000000)
 Metaspace       used 25651K, capacity 25859K, committed 26240K, reserved 1073152K
  class space    used 3131K, capacity 3183K, committed 3200K, reserved 1048576K
Event: 6.639 GC heap after
Heap after GC invocations=4 (full 2):
 par new generation   total 314560K, used 31666K [0x00000000c0000000, 0x00000000d5550000, 0x00000000d5550000)
  eden space 279616K,   0% used [0x00000000c0000000, 0x00000000c0000000, 0x00000000d1110000)
  from space 34944K,  90% used [0x00000000d3330000, 0x00000000d521cae8, 0x00000000d5550000)
  to   space 34944K,   0% used [0x00000000d1110000, 0x00000000d1110000, 0x00000000d3330000)
 concurrent mark-sweep generation total 699072K, used 22570K [0x00000000d5550000, 0x0000000100000000, 0x0000000100000000)
 Metaspace       used 25651K, capacity 25859K, committed 26240K, reserved 1073152K
  class space    used 3131K, capacity 3183K, committed 3200K, reserved 1048576K
}
Event: 8.052 GC heap before
{Heap before GC invocations=4 (full 3):
 par new generation   total 314560K, used 311282K [0x00000000c0000000, 0x00000000d5550000, 0x00000000d5550000)
  eden space 279616K, 100% used [0x00000000c0000000, 0x00000000d1110000, 0x00000000d1110000)
  from space 34944K,  90% used [0x00000000d3330000, 0x00000000d521cae8, 0x00000000d5550000)
  to   space 34944K,   0% used [0x00000000d1110000, 0x00000000d1110000, 0x00000000d3330000)
 concurrent mark-sweep generation total 699072K, used 22570K [0x00000000d5550000, 0x0000000100000000, 0x0000000100000000)
 Metaspace       used 25734K, capacity 25923K, committed 26240K, reserved 1073152K
  class space    used 3132K, capacity 3183K, committed 3200K, reserved 1048576K
Event: 8.089 GC heap after
Heap after GC invocations=5 (full 3):
 par new generation   total 314560K, used 34944K [0x00000000c0000000, 0x00000000d5550000, 0x00000000d5550000)
  eden space 279616K,   0% used [0x00000000c0000000, 0x00000000c0000000, 0x00000000d1110000)
  from space 34944K, 100% used [0x00000000d1110000, 0x00000000d3330000, 0x00000000d3330000)
  to   space 34944K,   0% used [0x00000000d3330000, 0x00000000d3330000, 0x00000000d5550000)
 concurrent mark-sweep generation total 699072K, used 56811K [0x00000000d5550000, 0x0000000100000000, 0x0000000100000000)
 Metaspace       used 25734K, capacity 25923K, committed 26240K, reserved 1073152K
  class space    used 3132K, capacity 3183K, committed 3200K, reserved 1048576K
}
Event: 9.324 GC heap before
{Heap before GC invocations=5 (full 3):
 par new generation   total 314560K, used 314560K [0x00000000c0000000, 0x00000000d5550000, 0x00000000d5550000)
  eden space 279616K, 100% used [0x00000000c0000000, 0x00000000d1110000, 0x00000000d1110000)
  from space 34944K, 100% used [0x00000000d1110000, 0x00000000d3330000, 0x00000000d3330000)
  to   space 34944K,   0% used [0x00000000d3330000, 0x00000000d3330000, 0x00000000d5550000)
 concurrent mark-sweep generation total 699072K, used 56696K [0x00000000d5550000, 0x0000000100000000, 0x0000000100000000)
 Metaspace       used 25781K, capacity 25987K, committed 26240K, reserved 1073152K
  class space    used 3132K, capacity 3183K, committed 3200K, reserved 1048576K
Event: 9.369 GC heap after
Heap after GC invocations=6 (full 3):
 par new generation   total 314560K, used 34944K [0x00000000c0000000, 0x00000000d5550000, 0x00000000d5550000)
  eden space 279616K,   0% used [0x00000000c0000000, 0x00000000c0000000, 0x00000000d1110000)
  from space 34944K, 100% used [0x00000000d3330000, 0x00000000d5550000, 0x00000000d5550000)
  to   space 34944K,   0% used [0x00000000d1110000, 0x00000000d1110000, 0x00000000d3330000)
 concurrent mark-sweep generation total 699072K, used 123885K [0x00000000d5550000, 0x0000000100000000, 0x0000000100000000)
 Metaspace       used 25781K, capacity 25987K, committed 26240K, reserved 1073152K
  class space    used 3132K, capacity 3183K, committed 3200K, reserved 1048576K
}
Event: 10.507 GC heap before
{Heap before GC invocations=6 (full 3):
 par new generation   total 314560K, used 314560K [0x00000000c0000000, 0x00000000d5550000, 0x00000000d5550000)
  eden space 279616K, 100% used [0x00000000c0000000, 0x00000000d1110000, 0x00000000d1110000)
  from space 34944K, 100% used [0x00000000d3330000, 0x00000000d5550000, 0x00000000d5550000)
  to   space 34944K,   0% used [0x00000000d1110000, 0x00000000d1110000, 0x00000000d3330000)
 concurrent mark-sweep generation total 699072K, used 123885K [0x00000000d5550000, 0x0000000100000000, 0x0000000100000000)
 Metaspace       used 28079K, capacity 28353K, committed 28800K, reserved 1075200K
  class space    used 3484K, capacity 3606K, committed 3712K, reserved 1048576K
Event: 10.528 GC heap after
Heap after GC invocations=7 (full 3):
 par new generation   total 314560K, used 34943K [0x00000000c0000000, 0x00000000d5550000, 0x00000000d5550000)
  eden space 279616K,   0% used [0x00000000c0000000, 0x00000000c0000000, 0x00000000d1110000)
  from space 34944K,  99% used [0x00000000d1110000, 0x00000000d332fff8, 0x00000000d3330000)
  to   space 34944K,   0% used [0x00000000d3330000, 0x00000000d3330000, 0x00000000d5550000)
 concurrent mark-sweep generation total 699072K, used 146721K [0x00000000d5550000, 0x0000000100000000, 0x0000000100000000)
 Metaspace       used 28079K, capacity 28353K, committed 28800K, reserved 1075200K
  class space    used 3484K, capacity 3606K, committed 3712K, reserved 1048576K
}

Deoptimization events (10 events):
Event: 10.451 Thread 0x00000000021e6800 Uncommon trap: reason=unstable_if action=reinterpret pc=0x0000000002b34300 method=org.objectweb.asm.MethodWriter.visitMaxs(II)V @ 627
Event: 10.451 Thread 0x00000000021e6800 Uncommon trap: reason=unstable_if action=reinterpret pc=0x0000000002ca1f50 method=org.objectweb.asm.MethodWriter.visitTypeInsn(ILjava/lang/String;)V @ 24
Event: 10.465 Thread 0x000000003c5f0800 Uncommon trap: reason=bimorphic action=maybe_recompile pc=0x000000000270d138 method=java.net.URL.<init>(Ljava/net/URL;Ljava/lang/String;Ljava/net/URLStreamHandler;)V @ 504
Event: 10.469 Thread 0x000000003c5f0800 Uncommon trap: reason=unstable_if action=reinterpret pc=0x00000000025e83a0 method=java.net.URI.match(CJJ)Z @ 45
Event: 10.469 Thread 0x000000003c5f0800 Uncommon trap: reason=unstable_if action=reinterpret pc=0x0000000002df8b88 method=java.lang.ThreadLocal.get()Ljava/lang/Object; @ 11
Event: 10.546 Thread 0x00000000021e6800 Uncommon trap: reason=unstable_if action=reinterpret pc=0x0000000002a25044 method=org.objectweb.asm.MethodWriter.visitVarInsn(II)V @ 270
Event: 10.608 Thread 0x000000003c5f0800 Uncommon trap: reason=unstable_if action=reinterpret pc=0x0000000002c22b8c method=sun.net.www.MessageHeader.grow()V @ 4
Event: 10.639 Thread 0x000000003ff8d800 Uncommon trap: reason=unstable_if action=reinterpret pc=0x00000000026a2b64 method=java.lang.ThreadLocal.get()Ljava/lang/Object; @ 11
Event: 10.751 Thread 0x000000003c5f0800 Uncommon trap: reason=bimorphic action=maybe_recompile pc=0x000000000294e89c method=java.io.FilterInputStream.read([BII)I @ 7
Event: 10.752 Thread 0x000000003c5f0800 Uncommon trap: reason=bimorphic action=maybe_recompile pc=0x000000000294e89c method=java.io.FilterInputStream.read([BII)I @ 7

Internal exceptions (10 events):
Event: 10.873 Thread 0x000000001d64e800 Exception <a 'org/lwjgl/LWJGLException'> (0x00000000c3bffdb8) thrown at [C:\workspace\8-2-build-windows-amd64-cygwin\jdk8u65\4987\hotspot\src\share\vm\prims\jni.cpp, line 709]
Event: 10.874 Thread 0x000000001d64e800 Exception <a 'org/lwjgl/LWJGLException'> (0x00000000c3c00560) thrown at [C:\workspace\8-2-build-windows-amd64-cygwin\jdk8u65\4987\hotspot\src\share\vm\prims\jni.cpp, line 709]
Event: 10.874 Thread 0x000000001d64e800 Exception <a 'org/lwjgl/LWJGLException'> (0x00000000c3c00c50) thrown at [C:\workspace\8-2-build-windows-amd64-cygwin\jdk8u65\4987\hotspot\src\share\vm\prims\jni.cpp, line 709]
Event: 10.874 Thread 0x000000001d64e800 Exception <a 'org/lwjgl/LWJGLException'> (0x00000000c3c01280) thrown at [C:\workspace\8-2-build-windows-amd64-cygwin\jdk8u65\4987\hotspot\src\share\vm\prims\jni.cpp, line 709]
Event: 10.874 Thread 0x000000001d64e800 Exception <a 'org/lwjgl/LWJGLException'> (0x00000000c3c017d0) thrown at [C:\workspace\8-2-build-windows-amd64-cygwin\jdk8u65\4987\hotspot\src\share\vm\prims\jni.cpp, line 709]
Event: 10.874 Thread 0x000000001d64e800 Exception <a 'org/lwjgl/LWJGLException'> (0x00000000c3c01d18) thrown at [C:\workspace\8-2-build-windows-amd64-cygwin\jdk8u65\4987\hotspot\src\share\vm\prims\jni.cpp, line 709]
Event: 10.874 Thread 0x000000001d64e800 Exception <a 'org/lwjgl/LWJGLException'> (0x00000000c3c02318) thrown at [C:\workspace\8-2-build-windows-amd64-cygwin\jdk8u65\4987\hotspot\src\share\vm\prims\jni.cpp, line 709]
Event: 10.874 Thread 0x000000001d64e800 Exception <a 'org/lwjgl/LWJGLException'> (0x00000000c3c02988) thrown at [C:\workspace\8-2-build-windows-amd64-cygwin\jdk8u65\4987\hotspot\src\share\vm\prims\jni.cpp, line 709]
Event: 10.874 Thread 0x000000001d64e800 Exception <a 'org/lwjgl/LWJGLException'> (0x00000000c3c02fc8) thrown at [C:\workspace\8-2-build-windows-amd64-cygwin\jdk8u65\4987\hotspot\src\share\vm\prims\jni.cpp, line 709]
Event: 10.874 Thread 0x000000001d64e800 Exception <a 'org/lwjgl/LWJGLException'> (0x00000000c3c03590) thrown at [C:\workspace\8-2-build-windows-amd64-cygwin\jdk8u65\4987\hotspot\src\share\vm\prims\jni.cpp, line 709]

Events (10 events):
Event: 10.876 loading class org/lwjgl/openal/ALC10
Event: 10.876 loading class org/lwjgl/openal/ALC10 done
Event: 10.881 loading class org/lwjgl/openal/ALCdevice
Event: 10.881 loading class org/lwjgl/openal/ALCdevice done
Event: 10.882 loading class org/lwjgl/openal/ALCcontext
Event: 10.882 loading class org/lwjgl/openal/ALCcontext done
Event: 10.883 loading class org/lwjgl/openal/Util
Event: 10.883 loading class org/lwjgl/openal/Util done
Event: 10.883 loading class org/lwjgl/openal/OpenALException
Event: 10.883 loading class org/lwjgl/openal/OpenALException done


Dynamic libraries:
0x00007ff608a30000 - 0x00007ff608a67000 	C:\Program Files\Java\jdk1.8.0_65\bin\java.exe
0x00007ffd83b10000 - 0x00007ffd83cd1000 	C:\WINDOWS\SYSTEM32\ntdll.dll
0x00007ffd814a0000 - 0x00007ffd8154d000 	C:\WINDOWS\system32\KERNEL32.DLL
0x00007ffd81000000 - 0x00007ffd811dd000 	C:\WINDOWS\system32\KERNELBASE.dll
0x00007ffd81a70000 - 0x00007ffd81b16000 	C:\WINDOWS\system32\ADVAPI32.dll
0x00007ffd839c0000 - 0x00007ffd83a5d000 	C:\WINDOWS\system32\msvcrt.dll
0x00007ffd81e20000 - 0x00007ffd81e7b000 	C:\WINDOWS\system32\sechost.dll
0x00007ffd83610000 - 0x00007ffd83736000 	C:\WINDOWS\system32\RPCRT4.dll
0x00007ffd81cd0000 - 0x00007ffd81e1e000 	C:\WINDOWS\system32\USER32.dll
0x00007ffd815f0000 - 0x00007ffd81776000 	C:\WINDOWS\system32\GDI32.dll
0x00007ffd7b8a0000 - 0x00007ffd7bb14000 	C:\WINDOWS\WinSxS\amd64_microsoft.windows.common-controls_6595b64144ccf1df_6.0.10240.16384_none_f41f7b285750ef43\COMCTL32.dll
0x00007ffd81550000 - 0x00007ffd81586000 	C:\WINDOWS\system32\IMM32.DLL
0x00007ffd81310000 - 0x00007ffd8146c000 	C:\WINDOWS\system32\MSCTF.dll
0x0000000071380000 - 0x0000000071452000 	C:\Program Files\Java\jdk1.8.0_65\jre\bin\msvcr100.dll
0x0000000070af0000 - 0x0000000071379000 	C:\Program Files\Java\jdk1.8.0_65\jre\bin\server\jvm.dll
0x00007ffd81480000 - 0x00007ffd81488000 	C:\WINDOWS\system32\PSAPI.DLL
0x00007ffd7c320000 - 0x00007ffd7c329000 	C:\WINDOWS\SYSTEM32\WSOCK32.dll
0x00007ffd7e6c0000 - 0x00007ffd7e6e3000 	C:\WINDOWS\SYSTEM32\WINMM.dll
0x00007ffd7c980000 - 0x00007ffd7c98a000 	C:\WINDOWS\SYSTEM32\VERSION.dll
0x00007ffd82050000 - 0x00007ffd820b9000 	C:\WINDOWS\system32\WS2_32.dll
0x00007ffd81490000 - 0x00007ffd81498000 	C:\WINDOWS\system32\NSI.dll
0x0000000002080000 - 0x00000000020ac000 	C:\WINDOWS\SYSTEM32\WINMMBASE.dll
0x00007ffd80980000 - 0x00007ffd809c4000 	C:\WINDOWS\system32\cfgmgr32.dll
0x00007ffd7eeb0000 - 0x00007ffd7eed7000 	C:\WINDOWS\SYSTEM32\DEVOBJ.dll
0x0000000071880000 - 0x000000007188f000 	C:\Program Files\Java\jdk1.8.0_65\jre\bin\verify.dll
0x0000000070ac0000 - 0x0000000070ae9000 	C:\Program Files\Java\jdk1.8.0_65\jre\bin\java.dll
0x0000000071860000 - 0x0000000071876000 	C:\Program Files\Java\jdk1.8.0_65\jre\bin\zip.dll
0x00007ffd820c0000 - 0x00007ffd835e2000 	C:\WINDOWS\system32\SHELL32.dll
0x00007ffd809d0000 - 0x00007ffd80ff8000 	C:\WINDOWS\system32\windows.storage.dll
0x00007ffd83740000 - 0x00007ffd839bc000 	C:\WINDOWS\system32\combase.dll
0x00007ffd81590000 - 0x00007ffd815e1000 	C:\WINDOWS\system32\shlwapi.dll
0x00007ffd80580000 - 0x00007ffd8058f000 	C:\WINDOWS\system32\kernel.appcore.dll
0x00007ffd80690000 - 0x00007ffd80743000 	C:\WINDOWS\system32\shcore.dll
0x00007ffd80590000 - 0x00007ffd805da000 	C:\WINDOWS\system32\powrprof.dll
0x00007ffd80560000 - 0x00007ffd80573000 	C:\WINDOWS\system32\profapi.dll
0x00007ffd6f070000 - 0x00007ffd6f080000 	C:\Users\Bruker\IntelliJ IDEA Community Edition 15.0.2\bin\breakgen64.dll
0x0000000070aa0000 - 0x0000000070aba000 	C:\Program Files\Java\jdk1.8.0_65\jre\bin\net.dll
0x00007ffd7fdb0000 - 0x00007ffd7fe0d000 	C:\WINDOWS\system32\mswsock.dll
0x0000000070a90000 - 0x0000000070a9d000 	C:\Program Files\Java\jdk1.8.0_65\jre\bin\management.dll
0x0000000070a70000 - 0x0000000070a81000 	C:\Program Files\Java\jdk1.8.0_65\jre\bin\nio.dll
0x00007ffd6f130000 - 0x00007ffd6f145000 	C:\WINDOWS\system32\napinsp.dll
0x00007ffd6f150000 - 0x00007ffd6f16a000 	C:\WINDOWS\system32\pnrpnsp.dll
0x00007ffd7de60000 - 0x00007ffd7de78000 	C:\WINDOWS\system32\NLAapi.dll
0x00007ffd7fcb0000 - 0x00007ffd7fd58000 	C:\WINDOWS\SYSTEM32\DNSAPI.dll
0x00007ffd6f5d0000 - 0x00007ffd6f5dd000 	C:\WINDOWS\System32\winrnr.dll
0x00007ffd79740000 - 0x00007ffd7974a000 	C:\Windows\System32\rasadhlp.dll
0x00007ffd7dd00000 - 0x00007ffd7dd38000 	C:\WINDOWS\SYSTEM32\IPHLPAPI.DLL
0x00007ffd7dce0000 - 0x00007ffd7dceb000 	C:\WINDOWS\SYSTEM32\WINNSI.DLL
0x00007ffd7a8c0000 - 0x00007ffd7a928000 	C:\WINDOWS\System32\fwpuclnt.dll
0x00007ffd80070000 - 0x00007ffd80098000 	C:\WINDOWS\SYSTEM32\bcrypt.dll
0x0000000180000000 - 0x0000000180051000 	C:\Users\Bruker\.gradle\caches\minecraft\net\minecraft\minecraft_natives\1.7.10\lwjgl64.dll
0x00007ffd6e300000 - 0x00007ffd6e428000 	C:\WINDOWS\SYSTEM32\OPENGL32.dll
0x00007ffd61c60000 - 0x00007ffd61d56000 	C:\WINDOWS\SYSTEM32\DDRAW.dll
0x00007ffd6e2d0000 - 0x00007ffd6e2fe000 	C:\WINDOWS\SYSTEM32\GLU32.dll
0x00007ffd704b0000 - 0x00007ffd704b8000 	C:\WINDOWS\SYSTEM32\DCIMAN32.dll
0x00007ffd7ff10000 - 0x00007ffd7ff27000 	C:\WINDOWS\SYSTEM32\CRYPTSP.dll
0x00007ffd7fa60000 - 0x00007ffd7fa93000 	C:\WINDOWS\system32\rsaenh.dll
0x00007ffd7fc90000 - 0x00007ffd7fcaf000 	C:\WINDOWS\SYSTEM32\USERENV.dll
0x00007ffd80390000 - 0x00007ffd803fb000 	C:\WINDOWS\system32\bcryptprimitives.dll
0x00007ffd800a0000 - 0x00007ffd800ab000 	C:\WINDOWS\SYSTEM32\CRYPTBASE.dll
0x00007ffd7bbf0000 - 0x00007ffd7bc06000 	C:\WINDOWS\SYSTEM32\dhcpcsvc6.DLL
0x00007ffd7a9d0000 - 0x00007ffd7a9ea000 	C:\WINDOWS\SYSTEM32\dhcpcsvc.DLL
0x00000000708d0000 - 0x0000000070a68000 	C:\Program Files\Java\jdk1.8.0_65\jre\bin\awt.dll
0x00007ffd81250000 - 0x00007ffd8130e000 	C:\WINDOWS\system32\OLEAUT32.dll
0x00007ffd7ec90000 - 0x00007ffd7ed08000 	C:\WINDOWS\system32\apphelp.dll
0x00007ffd7ee10000 - 0x00007ffd7eea6000 	C:\WINDOWS\system32\uxtheme.dll
0x00007ffd7e530000 - 0x00007ffd7e552000 	C:\WINDOWS\system32\dwmapi.dll
0x000000006eaf0000 - 0x00000000708cc000 	C:\WINDOWS\SYSTEM32\nvoglv64.DLL
0x00007ffd81e80000 - 0x00007ffd82045000 	C:\WINDOWS\system32\SETUPAPI.dll
0x00007ffd6f1a0000 - 0x00007ffd6f32a000 	C:\WINDOWS\SYSTEM32\dbghelp.dll
0x00007ffd7e5c0000 - 0x00007ffd7e5d3000 	C:\WINDOWS\SYSTEM32\WTSAPI32.dll
0x00007ffd80920000 - 0x00007ffd80974000 	C:\WINDOWS\system32\WINTRUST.dll
0x00007ffd80540000 - 0x00007ffd80551000 	C:\WINDOWS\system32\MSASN1.dll
0x00007ffd80750000 - 0x00007ffd80911000 	C:\WINDOWS\system32\CRYPT32.dll
0x00007ffd7f8b0000 - 0x00007ffd7f8e2000 	C:\WINDOWS\SYSTEM32\ntmarta.dll
0x00007ffd7f6f0000 - 0x00007ffd7f748000 	C:\WINDOWS\SYSTEM32\WINSTA.dll
0x00007ffd7bb30000 - 0x00007ffd7bbc1000 	C:\WINDOWS\SYSTEM32\mscms.dll
0x00007ffd6e280000 - 0x00007ffd6e2c2000 	C:\WINDOWS\SYSTEM32\icm32.dll
0x000000001c8a0000 - 0x000000001c93c000 	C:\Users\Bruker\.gradle\caches\minecraft\net\minecraft\minecraft_natives\1.7.10\avutil-ttv-51.dll
0x0000000065980000 - 0x00000000659d6000 	C:\Users\Bruker\.gradle\caches\minecraft\net\minecraft\minecraft_natives\1.7.10\swresample-ttv-0.dll
0x000000001f3a0000 - 0x000000001f470000 	C:\Users\Bruker\.gradle\caches\minecraft\net\minecraft\minecraft_natives\1.7.10\libmp3lame-ttv.dll
0x00007ffd59f10000 - 0x00007ffd5b2b4000 	C:\Users\Bruker\.gradle\caches\minecraft\net\minecraft\minecraft_natives\1.7.10\libmfxsw64.dll
0x00007ffd59de0000 - 0x00007ffd59f0b000 	C:\Users\Bruker\.gradle\caches\minecraft\net\minecraft\minecraft_natives\1.7.10\twitchsdk.dll
0x00007ffd81b80000 - 0x00007ffd81cc1000 	C:\WINDOWS\system32\ole32.dll
0x00007ffd79490000 - 0x00007ffd79737000 	C:\WINDOWS\SYSTEM32\WININET.dll
0x000000001dd60000 - 0x000000001ddc4000 	C:\Users\Bruker\.gradle\caches\minecraft\net\minecraft\minecraft_natives\1.7.10\OpenAL64.dll
0x00007ffd83a60000 - 0x00007ffd83b05000 	C:\WINDOWS\system32\clbcatq.dll
0x00007ffd7c3c0000 - 0x00007ffd7c432000 	C:\WINDOWS\System32\MMDevApi.dll
0x00007ffd7de80000 - 0x00007ffd7e003000 	C:\WINDOWS\System32\PROPSYS.dll
0x00007ffd65050000 - 0x00007ffd650ec000 	C:\WINDOWS\SYSTEM32\dsound.dll
0x00007ffd75800000 - 0x00007ffd75885000 	C:\WINDOWS\SYSTEM32\AUDIOSES.DLL
0x00007ffd7b720000 - 0x00007ffd7b851000 	C:\WINDOWS\SYSTEM32\wintypes.dll

VM Arguments:
jvm_args: -Xincgc -Xmx1024M -Xms1024M -Didea.launcher.port=7533 -Didea.launcher.bin.path=C:\Users\Bruker\IntelliJ IDEA Community Edition 15.0.2\bin -Dfile.encoding=UTF-8 
java_command: com.intellij.rt.execution.application.AppMain GradleStart
java_class_path (initial): C:\Program Files\Java\jdk1.8.0_65\jre\lib\charsets.jar;C:\Program Files\Java\jdk1.8.0_65\jre\lib\deploy.jar;C:\Program Files\Java\jdk1.8.0_65\jre\lib\ext\access-bridge-64.jar;C:\Program Files\Java\jdk1.8.0_65\jre\lib\ext\cldrdata.jar;C:\Program Files\Java\jdk1.8.0_65\jre\lib\ext\dnsns.jar;C:\Program Files\Java\jdk1.8.0_65\jre\lib\ext\jaccess.jar;C:\Program Files\Java\jdk1.8.0_65\jre\lib\ext\jfxrt.jar;C:\Program Files\Java\jdk1.8.0_65\jre\lib\ext\localedata.jar;C:\Program Files\Java\jdk1.8.0_65\jre\lib\ext\nashorn.jar;C:\Program Files\Java\jdk1.8.0_65\jre\lib\ext\sunec.jar;C:\Program Files\Java\jdk1.8.0_65\jre\lib\ext\sunjce_provider.jar;C:\Program Files\Java\jdk1.8.0_65\jre\lib\ext\sunmscapi.jar;C:\Program Files\Java\jdk1.8.0_65\jre\lib\ext\sunpkcs11.jar;C:\Program Files\Java\jdk1.8.0_65\jre\lib\ext\zipfs.jar;C:\Program Files\Java\jdk1.8.0_65\jre\lib\javaws.jar;C:\Program Files\Java\jdk1.8.0_65\jre\lib\jce.jar;C:\Program Files\Java\jdk1.8.0_65\jre\lib\jfr.jar;C:\Program Files\Java\jdk1.8.0_65\jre\lib\jfxswt.jar;C:\Program Files\Java\jdk1.8.0_65\jre\lib\jsse.jar;C:\Program Files\Java\jdk1.8.0_65\jre\lib\management-agent.jar;C:\Program Files\Java\jdk1.8.0_65\jre\lib\plugin.jar;C:\Program Files\Java\jdk1.8.0_65\jre\lib\resources.jar;C:\Program Files\Java\jdk1.8.0_65\jre\lib\rt.jar;C:\Users\Bruker\Desktop\Truffle Mod\out\production\Truffle Mod;C:\Users\Bruker\.gradle\caches\minecraft\net\minecraftforge\forge\1.7.10-10.13.4.1614-1.7.10\forgeSrc-1.7.10-10.13.4.1614-1.7.10.jar;C:\Users\Bruker\.gradle\caches\modules-2\files-2.1\net.minecraft\launchwrapper\1.12\111e7bea9c968cdb3d06ef4632bf7ff0824d0f36\launchwrapper-1.12.jar;C:\Users\Bruker\.gradle\caches\modules-2\files-2.1\com.google.code.findbugs\jsr305\1.3.9\40719ea6961c0cb6afaeb6a921eaa1f6afd4cfdf\jsr305-1.3.9.jar;C:\Users\Bruker\.gradle\caches\modules-2\files-2.1\org.ow2.asm\asm-debug-all\5.0.3\f9e364ae2a66ce2a543012a4668856e84e5dab74\asm-debug-all-5.0.3.jar;C:\Users\Bruker\.gradle\caches\mo
Launcher Type: SUN_STANDARD

Environment Variables:
JAVA_HOME=C:\Program Files\Java\jdk1.8.0_65
PATH=C:\Program Files (x86)\Razer Chroma SDK\bin;C:\Program Files\Razer Chroma SDK\bin;C:\ProgramData\Oracle\Java\javapath;C:\Program Files (x86)\Intel\iCLS Client\;C:\Program Files\Intel\iCLS Client\;C:\Windows\system32;C:\Windows;C:\Windows\System32\Wbem;C:\Windows\System32\WindowsPowerShell\v1.0\;C:\Program Files\Intel\Intel(R) Management Engine Components\DAL;C:\Program Files (x86)\Intel\Intel(R) Management Engine Components\DAL;C:\Program Files\Intel\Intel(R) Management Engine Components\IPT;C:\Program Files (x86)\Intel\Intel(R) Management Engine Components\IPT;C:\Program Files (x86)\NVIDIA Corporation\PhysX\Common;C:\Program Files (x86)\Windows Live\Shared;C:\WINDOWS\system32;C:\WINDOWS;C:\WINDOWS\System32\Wbem;C:\WINDOWS\System32\WindowsPowerShell\v1.0\;C:\Program Files (x86)\Skype\Phone\;C:\Program Files\Java\jdk1.8.0_65\bin
USERNAME=Bruker
OS=Windows_NT
PROCESSOR_IDENTIFIER=Intel64 Family 6 Model 60 Stepping 3, GenuineIntel



---------------  S Y S T E M  ---------------

OS: Windows 10.0 , 64 bit Build 10240 (10.0.10240.16384)

CPU:total 8 (4 cores per cpu, 2 threads per core) family 6 model 60 stepping 3, cmov, cx8, fxsr, mmx, sse, sse2, sse3, ssse3, sse4.1, sse4.2, popcnt, avx, avx2, aes, clmul, erms, lzcnt, ht, tsc, tscinvbit, bmi1, bmi2

Memory: 4k page, physical 16711272k(10522184k free), swap 19201640k(10765700k free)

vm_info: Java HotSpot(TM) 64-Bit Server VM (25.65-b01) for windows-amd64 JRE (1.8.0_65-b17), built on Oct  6 2015 16:39:20 by "java_re" with MS VC++ 10.0 (VS2010)

time: Tue Feb 02 16:07:42 2016
elapsed time: 10 seconds (0d 0h 0m 10s)

