#
# A fatal error has been detected by the Java Runtime Environment:
#
#  EXCEPTION_ACCESS_VIOLATION (0xc0000005) at pc=0x000000001cfb1066, pid=7868, tid=5956
#
# JRE version: Java(TM) SE Runtime Environment (8.0_65-b17) (build 1.8.0_65-b17)
# Java VM: Java HotSpot(TM) 64-Bit Server VM (25.65-b01 mixed mode windows-amd64 compressed oops)
# Problematic frame:
# C  [OpenAL64.dll+0x11066]
#
# Failed to write core dump. Minidumps are not enabled by default on client versions of Windows
#
# If you would like to submit a bug report, please visit:
#   http://bugreport.java.com/bugreport/crash.jsp
# The crash happened outside the Java Virtual Machine in native code.
# See problematic frame for where to report the bug.
#

---------------  T H R E A D  ---------------

Current thread (0x000000001df80800):  JavaThread "Thread-8" [_thread_in_native, id=5956, stack(0x00000000260a0000,0x00000000261a0000)]

siginfo: ExceptionCode=0xc0000005, reading address 0x000000001ba66004

Registers:
RAX=0x0000000000000004, RBX=0x0000000043860090, RCX=0x000000001ba66008, RDX=0x000000001ba66004
RSP=0x000000002619efb0, RBP=0x00000000000000ff, RSI=0x000000001ba6179c, RDI=0x0000000000000000
R8 =0x000000000000121a, R9 =0x000000001ba6179c, R10=0x0000000002fb5e08, R11=0x000000005d109450
R12=0x0000000000000001, R13=0x000000002e725ef0, R14=0x000000002619f148, R15=0x000000001df80800
RIP=0x000000001cfb1066, EFLAGS=0x0000000000010202

Top of Stack: (sp=0x000000002619efb0)
0x000000002619efb0:   0000000000000000 000000005cfabceb
0x000000002619efc0:   000000001df80800 000000001df80800
0x000000002619efd0:   000000002e725ef0 0000000000000000
0x000000002619efe0:   000000001df80800 000000001900adf0
0x000000002619eff0:   000000002e725ef0 000000002619f148
0x000000002619f000:   000000003a470fc0 000000005cf9a026
0x000000002619f010:   000000002619f7b8 00000000178fa2a0
0x000000002619f020:   000000001df80800 000000002619f148
0x000000002619f030:   000000002e725ef0 0000000000000000
0x000000002619f040:   000000001ba6179c 00000000d5561bf0
0x000000002619f050:   000000002619f110 000000001cfb248f
0x000000002619f060:   0000000043860090 0000000043860090
0x000000002619f070:   000000000000ac44 0000000000000004
0x000000002619f080:   0000000000000010 0000000002fb5e34
0x000000002619f090:   000000002e725ef0 0000000002fb5b9d
0x000000002619f0a0:   000000001df80800 000000002e725ef0 

Instructions: (pc=0x000000001cfb1066)
0x000000001cfb1046:   41 2b ec 81 3a 03 00 02 00 75 09 8b 01 89 84 24
0x000000001cfb1056:   c8 00 00 00 49 83 c0 02 48 83 c1 08 4a 8d 14 86
0x000000001cfb1066:   39 3a 75 af 4c 8d 84 24 c0 00 00 00 48 8d 15 d7
0x000000001cfb1076:   2b 03 00 33 c9 e8 58 5f 00 00 b8 40 1f 00 00 4c 


Register to memory mapping:

RAX=0x0000000000000004 is an unknown value
RBX=0x0000000043860090 is an unknown value
RCX=0x000000001ba66008 is an unknown value
RDX=0x000000001ba66004 is an unknown value
RSP=0x000000002619efb0 is pointing into the stack for thread: 0x000000001df80800
RBP=0x00000000000000ff is an unknown value
RSI=0x000000001ba6179c is an unknown value
RDI=0x0000000000000000 is an unknown value
R8 =0x000000000000121a is an unknown value
R9 =0x000000001ba6179c is an unknown value
R10=0x0000000002fb5e08 is at code_begin+840 in an Interpreter codelet
method entry point (kind = native)  [0x0000000002fb5ac0, 0x0000000002fb6420]  2400 bytes
R11=0x000000005d109450 is an unknown value
R12=0x0000000000000001 is an unknown value
R13={method} {0x000000002e725ef8} 'nalcCreateContext' '(JJ)J' in 'org/lwjgl/openal/ALC10'
R14=0x000000002619f148 is pointing into the stack for thread: 0x000000001df80800
R15=0x000000001df80800 is a thread


Stack: [0x00000000260a0000,0x00000000261a0000],  sp=0x000000002619efb0,  free space=1019k
Native frames: (J=compiled Java code, j=interpreted, Vv=VM code, C=native code)
C  [OpenAL64.dll+0x11066]
C  [OpenAL64.dll+0x1248f]
C  0x0000000002fb5e34

Java frames: (J=compiled Java code, j=interpreted, Vv=VM code)
j  org.lwjgl.openal.ALC10.nalcCreateContext(JJ)J+0
j  org.lwjgl.openal.ALC10.alcCreateContext(Lorg/lwjgl/openal/ALCdevice;Ljava/nio/IntBuffer;)Lorg/lwjgl/openal/ALCcontext;+8
j  org.lwjgl.openal.AL.init(Ljava/lang/String;IIZZ)V+69
j  org.lwjgl.openal.AL.create(Ljava/lang/String;IIZZ)V+227
j  org.lwjgl.openal.AL.create(Ljava/lang/String;IIZ)V+5
j  org.lwjgl.openal.AL.create()V+6
j  paulscode.sound.libraries.LibraryLWJGLOpenAL.init()V+2
j  paulscode.sound.SoundSystem.CommandNewLibrary(Ljava/lang/Class;)V+273
j  paulscode.sound.SoundSystem.CommandQueue(Lpaulscode/sound/CommandObject;)Z+1206
j  paulscode.sound.CommandThread.run()V+51
v  ~StubRoutines::call_stub

---------------  P R O C E S S  ---------------

Java Threads: ( => current thread )
  0x000000001df7c000 JavaThread "Thread-9" [_thread_blocked, id=2696, stack(0x0000000036870000,0x0000000036970000)]
=>0x000000001df80800 JavaThread "Thread-8" [_thread_in_native, id=5956, stack(0x00000000260a0000,0x00000000261a0000)]
  0x000000001bed1800 JavaThread "Sound Library Loader" [_thread_blocked, id=8248, stack(0x00000000263f0000,0x00000000264f0000)]
  0x000000003b9de000 JavaThread "Keep-Alive-Timer" daemon [_thread_blocked, id=4412, stack(0x00000000262f0000,0x00000000263f0000)]
  0x0000000018f53800 JavaThread "LWJGL Timer" daemon [_thread_blocked, id=11096, stack(0x00000000261f0000,0x00000000262f0000)]
  0x000000001bba6800 JavaThread "Thread-6" [_thread_blocked, id=4160, stack(0x000000001cdc0000,0x000000001cec0000)]
  0x00000000205e5800 JavaThread "Java2D Disposer" daemon [_thread_blocked, id=2572, stack(0x000000001e4c0000,0x000000001e5c0000)]
  0x000000001bd67800 JavaThread "Timer hack thread" daemon [_thread_blocked, id=9688, stack(0x000000001aa50000,0x000000001ab50000)]
  0x000000001eedd000 JavaThread "Snooper Timer" daemon [_thread_blocked, id=5536, stack(0x000000001d050000,0x000000001d150000)]
  0x00000000189d7800 JavaThread "Monitor Ctrl-Break" daemon [_thread_in_native, id=6660, stack(0x0000000019150000,0x0000000019250000)]
  0x000000001795c000 JavaThread "Service Thread" daemon [_thread_blocked, id=4580, stack(0x00000000186c0000,0x00000000187c0000)]
  0x00000000178c7000 JavaThread "C1 CompilerThread3" daemon [_thread_blocked, id=10184, stack(0x00000000185c0000,0x00000000186c0000)]
  0x00000000178c2000 JavaThread "C2 CompilerThread2" daemon [_thread_blocked, id=8624, stack(0x00000000184c0000,0x00000000185c0000)]
  0x00000000178c1800 JavaThread "C2 CompilerThread1" daemon [_thread_in_native, id=1168, stack(0x00000000183c0000,0x00000000184c0000)]
  0x00000000178bf800 JavaThread "C2 CompilerThread0" daemon [_thread_blocked, id=2568, stack(0x00000000182c0000,0x00000000183c0000)]
  0x00000000178be800 JavaThread "Attach Listener" daemon [_thread_blocked, id=5916, stack(0x00000000181c0000,0x00000000182c0000)]
  0x00000000178ba000 JavaThread "Signal Dispatcher" daemon [_thread_blocked, id=8528, stack(0x00000000180c0000,0x00000000181c0000)]
  0x00000000178b9000 JavaThread "Surrogate Locker Thread (Concurrent GC)" daemon [_thread_blocked, id=3596, stack(0x0000000017fc0000,0x00000000180c0000)]
  0x0000000016fb0000 JavaThread "Finalizer" daemon [_thread_blocked, id=5864, stack(0x0000000017dc0000,0x0000000017ec0000)]
  0x0000000016fa9000 JavaThread "Reference Handler" daemon [_thread_blocked, id=6804, stack(0x0000000017cc0000,0x0000000017dc0000)]
  0x0000000002ea6800 JavaThread "Client thread" [_thread_in_native, id=7524, stack(0x0000000002da0000,0x0000000002ea0000)]

Other Threads:
  0x0000000016fa5800 VMThread [stack: 0x0000000017bc0000,0x0000000017cc0000] [id=3592]
  0x0000000017973000 WatcherThread [stack: 0x00000000187c0000,0x00000000188c0000] [id=10360]

VM state:not at safepoint (normal execution)

VM Mutex/Monitor currently owned by a thread: None

Heap:
 par new generation   total 314560K, used 102463K [0x00000000c0000000, 0x00000000d5550000, 0x00000000d5550000)
  eden space 279616K,  24% used [0x00000000c0000000, 0x00000000c41eff78, 0x00000000d1110000)
  from space 34944K, 100% used [0x00000000d1110000, 0x00000000d3330000, 0x00000000d3330000)
  to   space 34944K,   0% used [0x00000000d3330000, 0x00000000d3330000, 0x00000000d5550000)
 concurrent mark-sweep generation total 699072K, used 141128K [0x00000000d5550000, 0x0000000100000000, 0x0000000100000000)
 Metaspace       used 29113K, capacity 29359K, committed 29824K, reserved 1075200K
  class space    used 3623K, capacity 3706K, committed 3712K, reserved 1048576K

Card table byte_map: [0x0000000012b60000,0x0000000012d70000] byte_map_base: 0x0000000012560000

Marking Bits: (CMSBitMap*) 0x0000000002f322c8
 Bits: [0x0000000013760000, 0x000000001420ac00)

Mod Union Table: (CMSBitMap*) 0x0000000002f32388
 Bits: [0x0000000014210000, 0x000000001423aab0)

Polling page: 0x0000000002d50000

CodeCache: size=245760Kb used=12952Kb max_used=13012Kb free=232807Kb
 bounds [0x0000000002fa0000, 0x0000000003ca0000, 0x0000000011fa0000]
 total_blobs=3873 nmethods=3202 adapters=583
 compilation: enabled

Compilation events (10 events):
Event: 14.298 Thread 0x00000000178c7000 nmethod 4134 0x0000000003b6fd10 code [0x0000000003b6ff00, 0x0000000003b70688]
Event: 14.309 Thread 0x00000000178c2000 4135   !   4       java.lang.ref.ReferenceQueue::poll (28 bytes)
Event: 14.310 Thread 0x00000000178c2000 nmethod 4135 0x0000000003b6e290 code [0x0000000003b6e3e0, 0x0000000003b6e728]
Event: 14.311 Thread 0x00000000178bf800 nmethod 4133% 0x0000000003b692d0 code [0x0000000003b69460, 0x0000000003b6a3c8]
Event: 14.312 Thread 0x00000000178c7000 4136       3       java.lang.Exception::<init> (6 bytes)
Event: 14.312 Thread 0x00000000178c7000 nmethod 4136 0x0000000003b6dcd0 code [0x0000000003b6de40, 0x0000000003b6e188]
Event: 14.314 Thread 0x00000000178c7000 4137       3       org.apache.commons.lang3.Validate::notNull (11 bytes)
Event: 14.315 Thread 0x00000000178c7000 nmethod 4137 0x0000000003b6bb90 code [0x0000000003b6bdc0, 0x0000000003b6c9d8]
Event: 14.315 Thread 0x00000000178c7000 4138       3       net.minecraft.util.ResourceLocation::<init> (40 bytes)
Event: 14.316 Thread 0x00000000178c7000 nmethod 4138 0x00000000032bae50 code [0x00000000032bb0a0, 0x00000000032bbeb8]

GC Heap History (10 events):
Event: 6.989 GC heap before
{Heap before GC invocations=2 (full 2):
 par new generation   total 314560K, used 303366K [0x00000000c0000000, 0x00000000d5550000, 0x00000000d5550000)
  eden space 279616K, 100% used [0x00000000c0000000, 0x00000000d1110000, 0x00000000d1110000)
  from space 34944K,  67% used [0x00000000d3330000, 0x00000000d4a61a30, 0x00000000d5550000)
  to   space 34944K,   0% used [0x00000000d1110000, 0x00000000d1110000, 0x00000000d3330000)
 concurrent mark-sweep generation total 699072K, used 2563K [0x00000000d5550000, 0x0000000100000000, 0x0000000100000000)
 Metaspace       used 24652K, capacity 24893K, committed 25216K, reserved 1071104K
  class space    used 3046K, capacity 3118K, committed 3200K, reserved 1048576K
Event: 7.018 GC heap after
Heap after GC invocations=3 (full 2):
 par new generation   total 314560K, used 16142K [0x00000000c0000000, 0x00000000d5550000, 0x00000000d5550000)
  eden space 279616K,   0% used [0x00000000c0000000, 0x00000000c0000000, 0x00000000d1110000)
  from space 34944K,  46% used [0x00000000d1110000, 0x00000000d20d39c0, 0x00000000d3330000)
  to   space 34944K,   0% used [0x00000000d3330000, 0x00000000d3330000, 0x00000000d5550000)
 concurrent mark-sweep generation total 699072K, used 22721K [0x00000000d5550000, 0x0000000100000000, 0x0000000100000000)
 Metaspace       used 24652K, capacity 24893K, committed 25216K, reserved 1071104K
  class space    used 3046K, capacity 3118K, committed 3200K, reserved 1048576K
}
Event: 9.297 GC heap before
{Heap before GC invocations=3 (full 2):
 par new generation   total 314560K, used 295758K [0x00000000c0000000, 0x00000000d5550000, 0x00000000d5550000)
  eden space 279616K, 100% used [0x00000000c0000000, 0x00000000d1110000, 0x00000000d1110000)
  from space 34944K,  46% used [0x00000000d1110000, 0x00000000d20d39c0, 0x00000000d3330000)
  to   space 34944K,   0% used [0x00000000d3330000, 0x00000000d3330000, 0x00000000d5550000)
 concurrent mark-sweep generation total 699072K, used 22721K [0x00000000d5550000, 0x0000000100000000, 0x0000000100000000)
 Metaspace       used 25636K, capacity 25859K, committed 26240K, reserved 1073152K
  class space    used 3132K, capacity 3183K, committed 3200K, reserved 1048576K
Event: 9.312 GC heap after
Heap after GC invocations=4 (full 2):
 par new generation   total 314560K, used 30754K [0x00000000c0000000, 0x00000000d5550000, 0x00000000d5550000)
  eden space 279616K,   0% used [0x00000000c0000000, 0x00000000c0000000, 0x00000000d1110000)
  from space 34944K,  88% used [0x00000000d3330000, 0x00000000d5138b90, 0x00000000d5550000)
  to   space 34944K,   0% used [0x00000000d1110000, 0x00000000d1110000, 0x00000000d3330000)
 concurrent mark-sweep generation total 699072K, used 22721K [0x00000000d5550000, 0x0000000100000000, 0x0000000100000000)
 Metaspace       used 25636K, capacity 25859K, committed 26240K, reserved 1073152K
  class space    used 3132K, capacity 3183K, committed 3200K, reserved 1048576K
}
Event: 10.978 GC heap before
{Heap before GC invocations=4 (full 3):
 par new generation   total 314560K, used 310370K [0x00000000c0000000, 0x00000000d5550000, 0x00000000d5550000)
  eden space 279616K, 100% used [0x00000000c0000000, 0x00000000d1110000, 0x00000000d1110000)
  from space 34944K,  88% used [0x00000000d3330000, 0x00000000d5138b90, 0x00000000d5550000)
  to   space 34944K,   0% used [0x00000000d1110000, 0x00000000d1110000, 0x00000000d3330000)
 concurrent mark-sweep generation total 699072K, used 22721K [0x00000000d5550000, 0x0000000100000000, 0x0000000100000000)
 Metaspace       used 25722K, capacity 25859K, committed 26240K, reserved 1073152K
  class space    used 3133K, capacity 3183K, committed 3200K, reserved 1048576K
Event: 11.027 GC heap after
Heap after GC invocations=5 (full 3):
 par new generation   total 314560K, used 34944K [0x00000000c0000000, 0x00000000d5550000, 0x00000000d5550000)
  eden space 279616K,   0% used [0x00000000c0000000, 0x00000000c0000000, 0x00000000d1110000)
  from space 34944K, 100% used [0x00000000d1110000, 0x00000000d3330000, 0x00000000d3330000)
  to   space 34944K,   0% used [0x00000000d3330000, 0x00000000d3330000, 0x00000000d5550000)
 concurrent mark-sweep generation total 699072K, used 56874K [0x00000000d5550000, 0x0000000100000000, 0x0000000100000000)
 Metaspace       used 25722K, capacity 25859K, committed 26240K, reserved 1073152K
  class space    used 3133K, capacity 3183K, committed 3200K, reserved 1048576K
}
Event: 12.408 GC heap before
{Heap before GC invocations=5 (full 3):
 par new generation   total 314560K, used 314560K [0x00000000c0000000, 0x00000000d5550000, 0x00000000d5550000)
  eden space 279616K, 100% used [0x00000000c0000000, 0x00000000d1110000, 0x00000000d1110000)
  from space 34944K, 100% used [0x00000000d1110000, 0x00000000d3330000, 0x00000000d3330000)
  to   space 34944K,   0% used [0x00000000d3330000, 0x00000000d3330000, 0x00000000d5550000)
 concurrent mark-sweep generation total 699072K, used 56760K [0x00000000d5550000, 0x0000000100000000, 0x0000000100000000)
 Metaspace       used 25759K, capacity 25987K, committed 26240K, reserved 1073152K
  class space    used 3133K, capacity 3183K, committed 3200K, reserved 1048576K
Event: 12.463 GC heap after
Heap after GC invocations=6 (full 3):
 par new generation   total 314560K, used 34943K [0x00000000c0000000, 0x00000000d5550000, 0x00000000d5550000)
  eden space 279616K,   0% used [0x00000000c0000000, 0x00000000c0000000, 0x00000000d1110000)
  from space 34944K,  99% used [0x00000000d3330000, 0x00000000d554fff8, 0x00000000d5550000)
  to   space 34944K,   0% used [0x00000000d1110000, 0x00000000d1110000, 0x00000000d3330000)
 concurrent mark-sweep generation total 699072K, used 125539K [0x00000000d5550000, 0x0000000100000000, 0x0000000100000000)
 Metaspace       used 25759K, capacity 25987K, committed 26240K, reserved 1073152K
  class space    used 3133K, capacity 3183K, committed 3200K, reserved 1048576K
}
Event: 13.868 GC heap before
{Heap before GC invocations=6 (full 3):
 par new generation   total 314560K, used 314559K [0x00000000c0000000, 0x00000000d5550000, 0x00000000d5550000)
  eden space 279616K, 100% used [0x00000000c0000000, 0x00000000d1110000, 0x00000000d1110000)
  from space 34944K,  99% used [0x00000000d3330000, 0x00000000d554fff8, 0x00000000d5550000)
  to   space 34944K,   0% used [0x00000000d1110000, 0x00000000d1110000, 0x00000000d3330000)
 concurrent mark-sweep generation total 699072K, used 125539K [0x00000000d5550000, 0x0000000100000000, 0x0000000100000000)
 Metaspace       used 28107K, capacity 28417K, committed 28800K, reserved 1075200K
  class space    used 3503K, capacity 3606K, committed 3712K, reserved 1048576K
Event: 13.894 GC heap after
Heap after GC invocations=7 (full 3):
 par new generation   total 314560K, used 34944K [0x00000000c0000000, 0x00000000d5550000, 0x00000000d5550000)
  eden space 279616K,   0% used [0x00000000c0000000, 0x00000000c0000000, 0x00000000d1110000)
  from space 34944K, 100% used [0x00000000d1110000, 0x00000000d3330000, 0x00000000d3330000)
  to   space 34944K,   0% used [0x00000000d3330000, 0x00000000d3330000, 0x00000000d5550000)
 concurrent mark-sweep generation total 699072K, used 141128K [0x00000000d5550000, 0x0000000100000000, 0x0000000100000000)
 Metaspace       used 28107K, capacity 28417K, committed 28800K, reserved 1075200K
  class space    used 3503K, capacity 3606K, committed 3712K, reserved 1048576K
}

Deoptimization events (10 events):
Event: 13.778 Thread 0x0000000002ea6800 Uncommon trap: reason=unstable_if action=reinterpret pc=0x0000000003836f94 method=org.objectweb.asm.MethodWriter.visitInsn(I)V @ 24
Event: 13.778 Thread 0x0000000002ea6800 Uncommon trap: reason=unstable_if action=reinterpret pc=0x0000000003865c00 method=org.objectweb.asm.MethodWriter.visitMaxs(II)V @ 627
Event: 13.778 Thread 0x0000000002ea6800 Uncommon trap: reason=unstable_if action=reinterpret pc=0x00000000039bc804 method=org.objectweb.asm.MethodWriter.visitTypeInsn(ILjava/lang/String;)V @ 24
Event: 13.801 Thread 0x000000001bed1800 Uncommon trap: reason=bimorphic action=maybe_recompile pc=0x00000000033d17f8 method=java.net.URL.<init>(Ljava/net/URL;Ljava/lang/String;Ljava/net/URLStreamHandler;)V @ 504
Event: 13.802 Thread 0x000000001bed1800 Uncommon trap: reason=bimorphic action=maybe_recompile pc=0x00000000037bcffc method=java.net.URL.openConnection()Ljava/net/URLConnection; @ 5
Event: 13.806 Thread 0x000000001bed1800 Uncommon trap: reason=unstable_if action=reinterpret pc=0x00000000032c12a0 method=java.net.URI.match(CJJ)Z @ 45
Event: 13.807 Thread 0x000000001bed1800 Uncommon trap: reason=unstable_if action=reinterpret pc=0x0000000003ada4c8 method=java.lang.ThreadLocal.get()Ljava/lang/Object; @ 11
Event: 13.939 Thread 0x0000000002ea6800 Uncommon trap: reason=unstable_if action=reinterpret pc=0x0000000003824d9c method=org.objectweb.asm.MethodWriter.visitVarInsn(II)V @ 270
Event: 14.062 Thread 0x000000001bed1800 Uncommon trap: reason=bimorphic action=maybe_recompile pc=0x0000000003bb9cdc method=java.io.FilterInputStream.read([BII)I @ 7
Event: 14.063 Thread 0x000000001bed1800 Uncommon trap: reason=bimorphic action=maybe_recompile pc=0x0000000003bb9cdc method=java.io.FilterInputStream.read([BII)I @ 7

Internal exceptions (10 events):
Event: 14.313 Thread 0x000000001df80800 Exception <a 'org/lwjgl/LWJGLException'> (0x00000000c4158210) thrown at [C:\workspace\8-2-build-windows-amd64-cygwin\jdk8u65\4987\hotspot\src\share\vm\prims\jni.cpp, line 709]
Event: 14.313 Thread 0x000000001df80800 Exception <a 'org/lwjgl/LWJGLException'> (0x00000000c41589b8) thrown at [C:\workspace\8-2-build-windows-amd64-cygwin\jdk8u65\4987\hotspot\src\share\vm\prims\jni.cpp, line 709]
Event: 14.313 Thread 0x000000001df80800 Exception <a 'org/lwjgl/LWJGLException'> (0x00000000c41590a8) thrown at [C:\workspace\8-2-build-windows-amd64-cygwin\jdk8u65\4987\hotspot\src\share\vm\prims\jni.cpp, line 709]
Event: 14.313 Thread 0x000000001df80800 Exception <a 'org/lwjgl/LWJGLException'> (0x00000000c41596d8) thrown at [C:\workspace\8-2-build-windows-amd64-cygwin\jdk8u65\4987\hotspot\src\share\vm\prims\jni.cpp, line 709]
Event: 14.313 Thread 0x000000001df80800 Exception <a 'org/lwjgl/LWJGLException'> (0x00000000c4159c28) thrown at [C:\workspace\8-2-build-windows-amd64-cygwin\jdk8u65\4987\hotspot\src\share\vm\prims\jni.cpp, line 709]
Event: 14.313 Thread 0x000000001df80800 Exception <a 'org/lwjgl/LWJGLException'> (0x00000000c415a170) thrown at [C:\workspace\8-2-build-windows-amd64-cygwin\jdk8u65\4987\hotspot\src\share\vm\prims\jni.cpp, line 709]
Event: 14.313 Thread 0x000000001df80800 Exception <a 'org/lwjgl/LWJGLException'> (0x00000000c415a770) thrown at [C:\workspace\8-2-build-windows-amd64-cygwin\jdk8u65\4987\hotspot\src\share\vm\prims\jni.cpp, line 709]
Event: 14.314 Thread 0x000000001df80800 Exception <a 'org/lwjgl/LWJGLException'> (0x00000000c415ade0) thrown at [C:\workspace\8-2-build-windows-amd64-cygwin\jdk8u65\4987\hotspot\src\share\vm\prims\jni.cpp, line 709]
Event: 14.314 Thread 0x000000001df80800 Exception <a 'org/lwjgl/LWJGLException'> (0x00000000c415b420) thrown at [C:\workspace\8-2-build-windows-amd64-cygwin\jdk8u65\4987\hotspot\src\share\vm\prims\jni.cpp, line 709]
Event: 14.314 Thread 0x000000001df80800 Exception <a 'org/lwjgl/LWJGLException'> (0x00000000c415b9e8) thrown at [C:\workspace\8-2-build-windows-amd64-cygwin\jdk8u65\4987\hotspot\src\share\vm\prims\jni.cpp, line 709]

Events (10 events):
Event: 14.316 loading class org/lwjgl/openal/ALC10 done
Event: 14.316 Thread 0x00000000178c7000 flushing nmethod 0x00000000033afcd0
Event: 14.324 loading class org/lwjgl/openal/ALCdevice
Event: 14.324 loading class org/lwjgl/openal/ALCdevice done
Event: 14.324 loading class org/lwjgl/openal/ALCcontext
Event: 14.324 loading class org/lwjgl/openal/ALCcontext done
Event: 14.325 loading class org/lwjgl/openal/Util
Event: 14.325 loading class org/lwjgl/openal/Util done
Event: 14.325 loading class org/lwjgl/openal/OpenALException
Event: 14.325 loading class org/lwjgl/openal/OpenALException done


Dynamic libraries:
0x00007ff6af0f0000 - 0x00007ff6af127000 	C:\Program Files\Java\jdk1.8.0_65\bin\java.exe
0x00007ffd084f0000 - 0x00007ffd086b2000 	C:\WINDOWS\SYSTEM32\ntdll.dll
0x00007ffd07cc0000 - 0x00007ffd07d6d000 	C:\WINDOWS\system32\KERNEL32.DLL
0x00007ffd059e0000 - 0x00007ffd05bbd000 	C:\WINDOWS\system32\KERNELBASE.dll
0x00007ffd07ba0000 - 0x00007ffd07c46000 	C:\WINDOWS\system32\ADVAPI32.dll
0x00007ffd05bd0000 - 0x00007ffd05c6d000 	C:\WINDOWS\system32\msvcrt.dll
0x00007ffd06400000 - 0x00007ffd0645b000 	C:\WINDOWS\system32\sechost.dll
0x00007ffd05fd0000 - 0x00007ffd060f6000 	C:\WINDOWS\system32\RPCRT4.dll
0x00007ffd064c0000 - 0x00007ffd0660e000 	C:\WINDOWS\system32\USER32.dll
0x00007ffd05e40000 - 0x00007ffd05fc6000 	C:\WINDOWS\system32\GDI32.dll
0x00007ffd01780000 - 0x00007ffd019f4000 	C:\WINDOWS\WinSxS\amd64_microsoft.windows.common-controls_6595b64144ccf1df_6.0.10240.16384_none_f41f7b285750ef43\COMCTL32.dll
0x00007ffd07f90000 - 0x00007ffd07fc6000 	C:\WINDOWS\system32\IMM32.DLL
0x00007ffd07d70000 - 0x00007ffd07ecc000 	C:\WINDOWS\system32\MSCTF.dll
0x000000005d770000 - 0x000000005d842000 	C:\Program Files\Java\jdk1.8.0_65\jre\bin\msvcr100.dll
0x000000005cee0000 - 0x000000005d769000 	C:\Program Files\Java\jdk1.8.0_65\jre\bin\server\jvm.dll
0x00007ffd08260000 - 0x00007ffd08268000 	C:\WINDOWS\system32\PSAPI.DLL
0x00007ffd02d70000 - 0x00007ffd02d93000 	C:\WINDOWS\SYSTEM32\WINMM.dll
0x00007ffd02470000 - 0x00007ffd0247a000 	C:\WINDOWS\SYSTEM32\VERSION.dll
0x00007ffd02420000 - 0x00007ffd02429000 	C:\WINDOWS\SYSTEM32\WSOCK32.dll
0x00007ffd07c50000 - 0x00007ffd07cb9000 	C:\WINDOWS\system32\WS2_32.dll
0x00007ffd05bc0000 - 0x00007ffd05bc8000 	C:\WINDOWS\system32\NSI.dll
0x00007ffd02d00000 - 0x00007ffd02d2c000 	C:\WINDOWS\SYSTEM32\WINMMBASE.dll
0x00007ffd04fc0000 - 0x00007ffd05004000 	C:\WINDOWS\system32\cfgmgr32.dll
0x00007ffd03890000 - 0x00007ffd038b7000 	C:\WINDOWS\SYSTEM32\DEVOBJ.dll
0x000000005dd50000 - 0x000000005dd5f000 	C:\Program Files\Java\jdk1.8.0_65\jre\bin\verify.dll
0x000000005ceb0000 - 0x000000005ced9000 	C:\Program Files\Java\jdk1.8.0_65\jre\bin\java.dll
0x000000005dd30000 - 0x000000005dd46000 	C:\Program Files\Java\jdk1.8.0_65\jre\bin\zip.dll
0x00007ffd06670000 - 0x00007ffd07b92000 	C:\WINDOWS\system32\SHELL32.dll
0x00007ffd051e0000 - 0x00007ffd05808000 	C:\WINDOWS\system32\windows.storage.dll
0x00007ffd08270000 - 0x00007ffd084ec000 	C:\WINDOWS\system32\combase.dll
0x00007ffd06180000 - 0x00007ffd061d1000 	C:\WINDOWS\system32\shlwapi.dll
0x00007ffd04f40000 - 0x00007ffd04f4f000 	C:\WINDOWS\system32\kernel.appcore.dll
0x00007ffd05920000 - 0x00007ffd059d3000 	C:\WINDOWS\system32\shcore.dll
0x00007ffd04f70000 - 0x00007ffd04fba000 	C:\WINDOWS\system32\powrprof.dll
0x00007ffd04f50000 - 0x00007ffd04f63000 	C:\WINDOWS\system32\profapi.dll
0x00007ffcf8710000 - 0x00007ffcf8720000 	C:\Users\Bruker\IntelliJ IDEA Community Edition 15.0.2\bin\breakgen64.dll
0x000000005ce90000 - 0x000000005ceaa000 	C:\Program Files\Java\jdk1.8.0_65\jre\bin\net.dll
0x00007ffd04790000 - 0x00007ffd047ed000 	C:\WINDOWS\system32\mswsock.dll
0x000000005ce80000 - 0x000000005ce8d000 	C:\Program Files\Java\jdk1.8.0_65\jre\bin\management.dll
0x000000005ce60000 - 0x000000005ce71000 	C:\Program Files\Java\jdk1.8.0_65\jre\bin\nio.dll
0x00007ffcf3d60000 - 0x00007ffcf3d75000 	C:\WINDOWS\system32\napinsp.dll
0x00007ffcf3da0000 - 0x00007ffcf3dba000 	C:\WINDOWS\system32\pnrpnsp.dll
0x00007ffd02eb0000 - 0x00007ffd02ec8000 	C:\WINDOWS\system32\NLAapi.dll
0x00007ffd04590000 - 0x00007ffd04638000 	C:\WINDOWS\SYSTEM32\DNSAPI.dll
0x00007ffcf4250000 - 0x00007ffcf425d000 	C:\WINDOWS\System32\winrnr.dll
0x00007ffcfe000000 - 0x00007ffcfe00a000 	C:\Windows\System32\rasadhlp.dll
0x00007ffd02e70000 - 0x00007ffd02ea8000 	C:\WINDOWS\SYSTEM32\IPHLPAPI.DLL
0x00007ffd02da0000 - 0x00007ffd02dab000 	C:\WINDOWS\SYSTEM32\WINNSI.DLL
0x00007ffcff360000 - 0x00007ffcff3c8000 	C:\WINDOWS\System32\fwpuclnt.dll
0x00007ffd04a60000 - 0x00007ffd04a88000 	C:\WINDOWS\SYSTEM32\bcrypt.dll
0x0000000180000000 - 0x0000000180051000 	C:\Users\Bruker\.gradle\caches\minecraft\net\minecraft\minecraft_natives\1.7.10\lwjgl64.dll
0x00007ffcf2eb0000 - 0x00007ffcf2fd8000 	C:\WINDOWS\SYSTEM32\OPENGL32.dll
0x00007ffcf2e80000 - 0x00007ffcf2eae000 	C:\WINDOWS\SYSTEM32\GLU32.dll
0x00007ffcf1450000 - 0x00007ffcf1546000 	C:\WINDOWS\SYSTEM32\DDRAW.dll
0x00007ffcf8400000 - 0x00007ffcf8408000 	C:\WINDOWS\SYSTEM32\DCIMAN32.dll
0x00007ffd047f0000 - 0x00007ffd04807000 	C:\WINDOWS\SYSTEM32\CRYPTSP.dll
0x00007ffd04440000 - 0x00007ffd04473000 	C:\WINDOWS\system32\rsaenh.dll
0x00007ffd04530000 - 0x00007ffd0454f000 	C:\WINDOWS\SYSTEM32\USERENV.dll
0x00007ffd04d70000 - 0x00007ffd04ddb000 	C:\WINDOWS\system32\bcryptprimitives.dll
0x00007ffd04960000 - 0x00007ffd0496b000 	C:\WINDOWS\SYSTEM32\CRYPTBASE.dll
0x00007ffcff2f0000 - 0x00007ffcff306000 	C:\WINDOWS\SYSTEM32\dhcpcsvc6.DLL
0x00007ffcff2b0000 - 0x00007ffcff2ca000 	C:\WINDOWS\SYSTEM32\dhcpcsvc.DLL
0x000000005ccc0000 - 0x000000005ce58000 	C:\Program Files\Java\jdk1.8.0_65\jre\bin\awt.dll
0x00007ffd07ed0000 - 0x00007ffd07f8e000 	C:\WINDOWS\system32\OLEAUT32.dll
0x00007ffd03670000 - 0x00007ffd036e8000 	C:\WINDOWS\system32\apphelp.dll
0x00007ffd03740000 - 0x00007ffd037d6000 	C:\WINDOWS\system32\uxtheme.dll
0x00007ffd02c80000 - 0x00007ffd02ca2000 	C:\WINDOWS\system32\dwmapi.dll
0x000000005aee0000 - 0x000000005ccbd000 	C:\WINDOWS\SYSTEM32\nvoglv64.DLL
0x00007ffd05c70000 - 0x00007ffd05e35000 	C:\WINDOWS\system32\SETUPAPI.dll
0x00007ffd03070000 - 0x00007ffd03083000 	C:\WINDOWS\SYSTEM32\WTSAPI32.dll
0x00007ffce8820000 - 0x00007ffce89aa000 	C:\WINDOWS\SYSTEM32\dbghelp.dll
0x00007ffd058c0000 - 0x00007ffd05914000 	C:\WINDOWS\system32\WINTRUST.dll
0x00007ffd04f20000 - 0x00007ffd04f31000 	C:\WINDOWS\system32\MSASN1.dll
0x00007ffd05010000 - 0x00007ffd051d1000 	C:\WINDOWS\system32\CRYPT32.dll
0x00007ffd042c0000 - 0x00007ffd042f2000 	C:\WINDOWS\SYSTEM32\ntmarta.dll
0x00007ffd03fe0000 - 0x00007ffd04038000 	C:\WINDOWS\SYSTEM32\WINSTA.dll
0x00007ffd01bf0000 - 0x00007ffd01c81000 	C:\WINDOWS\SYSTEM32\mscms.dll
0x00007ffcf2e30000 - 0x00007ffcf2e72000 	C:\WINDOWS\SYSTEM32\icm32.dll
0x0000000070a40000 - 0x0000000070adc000 	C:\Users\Bruker\.gradle\caches\minecraft\net\minecraft\minecraft_natives\1.7.10\avutil-ttv-51.dll
0x0000000065980000 - 0x00000000659d6000 	C:\Users\Bruker\.gradle\caches\minecraft\net\minecraft\minecraft_natives\1.7.10\swresample-ttv-0.dll
0x000000006eb80000 - 0x000000006ec50000 	C:\Users\Bruker\.gradle\caches\minecraft\net\minecraft\minecraft_natives\1.7.10\libmp3lame-ttv.dll
0x00007ffcde2e0000 - 0x00007ffcdf684000 	C:\Users\Bruker\.gradle\caches\minecraft\net\minecraft\minecraft_natives\1.7.10\libmfxsw64.dll
0x00007ffce0ca0000 - 0x00007ffce0dcb000 	C:\Users\Bruker\.gradle\caches\minecraft\net\minecraft\minecraft_natives\1.7.10\twitchsdk.dll
0x00007ffd062b0000 - 0x00007ffd063f1000 	C:\WINDOWS\system32\ole32.dll
0x00007ffcfe020000 - 0x00007ffcfe2e1000 	C:\WINDOWS\SYSTEM32\WININET.dll
0x000000001cfa0000 - 0x000000001d004000 	C:\Users\Bruker\.gradle\caches\minecraft\net\minecraft\minecraft_natives\1.7.10\OpenAL64.dll
0x00007ffd061e0000 - 0x00007ffd06285000 	C:\WINDOWS\system32\clbcatq.dll
0x00007ffcffb90000 - 0x00007ffcffc02000 	C:\WINDOWS\System32\MMDevApi.dll
0x00007ffd013f0000 - 0x00007ffd01573000 	C:\WINDOWS\System32\PROPSYS.dll
0x00007ffce76b0000 - 0x00007ffce774c000 	C:\WINDOWS\SYSTEM32\dsound.dll
0x00007ffcfa0a0000 - 0x00007ffcfa125000 	C:\WINDOWS\SYSTEM32\AUDIOSES.DLL
0x00007ffd02230000 - 0x00007ffd02361000 	C:\WINDOWS\SYSTEM32\wintypes.dll

VM Arguments:
jvm_args: -Xincgc -Xmx1024M -Xms1024M -Didea.launcher.port=7533 -Didea.launcher.bin.path=C:\Users\Bruker\IntelliJ IDEA Community Edition 15.0.2\bin -Dfile.encoding=UTF-8 
java_command: com.intellij.rt.execution.application.AppMain GradleStart
java_class_path (initial): C:\Program Files\Java\jdk1.8.0_65\jre\lib\charsets.jar;C:\Program Files\Java\jdk1.8.0_65\jre\lib\deploy.jar;C:\Program Files\Java\jdk1.8.0_65\jre\lib\ext\access-bridge-64.jar;C:\Program Files\Java\jdk1.8.0_65\jre\lib\ext\cldrdata.jar;C:\Program Files\Java\jdk1.8.0_65\jre\lib\ext\dnsns.jar;C:\Program Files\Java\jdk1.8.0_65\jre\lib\ext\jaccess.jar;C:\Program Files\Java\jdk1.8.0_65\jre\lib\ext\jfxrt.jar;C:\Program Files\Java\jdk1.8.0_65\jre\lib\ext\localedata.jar;C:\Program Files\Java\jdk1.8.0_65\jre\lib\ext\nashorn.jar;C:\Program Files\Java\jdk1.8.0_65\jre\lib\ext\sunec.jar;C:\Program Files\Java\jdk1.8.0_65\jre\lib\ext\sunjce_provider.jar;C:\Program Files\Java\jdk1.8.0_65\jre\lib\ext\sunmscapi.jar;C:\Program Files\Java\jdk1.8.0_65\jre\lib\ext\sunpkcs11.jar;C:\Program Files\Java\jdk1.8.0_65\jre\lib\ext\zipfs.jar;C:\Program Files\Java\jdk1.8.0_65\jre\lib\javaws.jar;C:\Program Files\Java\jdk1.8.0_65\jre\lib\jce.jar;C:\Program Files\Java\jdk1.8.0_65\jre\lib\jfr.jar;C:\Program Files\Java\jdk1.8.0_65\jre\lib\jfxswt.jar;C:\Program Files\Java\jdk1.8.0_65\jre\lib\jsse.jar;C:\Program Files\Java\jdk1.8.0_65\jre\lib\management-agent.jar;C:\Program Files\Java\jdk1.8.0_65\jre\lib\plugin.jar;C:\Program Files\Java\jdk1.8.0_65\jre\lib\resources.jar;C:\Program Files\Java\jdk1.8.0_65\jre\lib\rt.jar;C:\Users\Bruker\Desktop\Truffle Mod\out\production\Truffle Mod;C:\Users\Bruker\.gradle\caches\minecraft\net\minecraftforge\forge\1.7.10-10.13.4.1614-1.7.10\forgeSrc-1.7.10-10.13.4.1614-1.7.10.jar;C:\Users\Bruker\.gradle\caches\modules-2\files-2.1\net.minecraft\launchwrapper\1.12\111e7bea9c968cdb3d06ef4632bf7ff0824d0f36\launchwrapper-1.12.jar;C:\Users\Bruker\.gradle\caches\modules-2\files-2.1\com.google.code.findbugs\jsr305\1.3.9\40719ea6961c0cb6afaeb6a921eaa1f6afd4cfdf\jsr305-1.3.9.jar;C:\Users\Bruker\.gradle\caches\modules-2\files-2.1\org.ow2.asm\asm-debug-all\5.0.3\f9e364ae2a66ce2a543012a4668856e84e5dab74\asm-debug-all-5.0.3.jar;C:\Users\Bruker\.gradle\caches\mo
Launcher Type: SUN_STANDARD

Environment Variables:
JAVA_HOME=C:\Program Files\Java\jdk1.8.0_65
PATH=C:\Program Files (x86)\Razer Chroma SDK\bin;C:\Program Files\Razer Chroma SDK\bin;C:\ProgramData\Oracle\Java\javapath;C:\Program Files (x86)\Intel\iCLS Client\;C:\Program Files\Intel\iCLS Client\;C:\Windows\system32;C:\Windows;C:\Windows\System32\Wbem;C:\Windows\System32\WindowsPowerShell\v1.0\;C:\Program Files\Intel\Intel(R) Management Engine Components\DAL;C:\Program Files (x86)\Intel\Intel(R) Management Engine Components\DAL;C:\Program Files\Intel\Intel(R) Management Engine Components\IPT;C:\Program Files (x86)\Intel\Intel(R) Management Engine Components\IPT;C:\Program Files (x86)\NVIDIA Corporation\PhysX\Common;C:\Program Files (x86)\Windows Live\Shared;C:\WINDOWS\system32;C:\WINDOWS;C:\WINDOWS\System32\Wbem;C:\WINDOWS\System32\WindowsPowerShell\v1.0\;C:\Program Files (x86)\Skype\Phone\;C:\Program Files\Java\jdk1.8.0_65\bin
USERNAME=Bruker
OS=Windows_NT
PROCESSOR_IDENTIFIER=Intel64 Family 6 Model 60 Stepping 3, GenuineIntel



---------------  S Y S T E M  ---------------

OS: Windows 10.0 , 64 bit Build 10240 (10.0.10240.16384)

CPU:total 8 (4 cores per cpu, 2 threads per core) family 6 model 60 stepping 3, cmov, cx8, fxsr, mmx, sse, sse2, sse3, ssse3, sse4.1, sse4.2, popcnt, avx, avx2, aes, clmul, erms, lzcnt, ht, tsc, tscinvbit, bmi1, bmi2

Memory: 4k page, physical 16711272k(9864484k free), swap 19201640k(10151984k free)

vm_info: Java HotSpot(TM) 64-Bit Server VM (25.65-b01) for windows-amd64 JRE (1.8.0_65-b17), built on Oct  6 2015 16:39:20 by "java_re" with MS VC++ 10.0 (VS2010)

time: Thu Feb 18 20:39:19 2016
elapsed time: 14 seconds (0d 0h 0m 14s)

